DEPRECATION WARNING: Leaving `ActiveRecord::ConnectionAdapters::SQLite3Adapter.represent_boolean_as_integer`
set to false is deprecated. SQLite databases have used 't' and 'f' to serialize
boolean values and must have old data converted to 1 and 0 (its native boolean
serialization) before setting this flag to true. Conversion can be accomplished
by setting up a rake task which runs

  ExampleModel.where("boolean_column = 't'").update_all(boolean_column: 1)
  ExampleModel.where("boolean_column = 'f'").update_all(boolean_column: 0)

for all models and all boolean columns, after which the flag must be set to
true by adding the following to your application.rb file:

  Rails.application.config.active_record.sqlite3.represent_boolean_as_integer = true
 (called from <top (required)> at /myapp/config/environment.rb:5)
Started GET "/" for 10.4.11.110 at 2018-09-21 18:49:53 +0000
Cannot render console from 10.4.11.110! Allowed networks: 127.0.0.1, ::1, 127.0.0.0/127.255.255.255
  [1m[35m (0.5ms)[0m  [1m[34mSELECT "schema_migrations"."version" FROM "schema_migrations" ORDER BY "schema_migrations"."version" ASC[0m
Processing by HomeController#index as HTML
  Rendering home/index.html.erb within layouts/application
  Rendered home/index.html.erb within layouts/application (4.9ms)
Completed 500 Internal Server Error in 28917ms (ActiveRecord: 0.0ms)


  
ActionView::Template::Error (couldn't find file 'jquery-ui/autocomplete' with type 'application/javascript'
Checked in these paths: 
  /myapp/app/assets/config
  /myapp/app/assets/images
  /myapp/app/assets/javascripts
  /myapp/app/assets/stylesheets
  /myapp/vendor/assets/javascripts
  /myapp/vendor/assets/stylesheets
  /bundle/gems/rails-jquery-autocomplete-1.0.4/lib/assets/javascripts
  /bundle/gems/select2-rails-4.0.3/vendor/assets/javascripts
  /bundle/gems/select2-rails-4.0.3/vendor/assets/stylesheets
  /bundle/gems/rails_admin_material-0.2.1/vendor/assets/javascripts
  /bundle/gems/rails_admin_material-0.2.1/vendor/assets/stylesheets
  /bundle/gems/rails_admin-1.4.1/app/assets/images
  /bundle/gems/rails_admin-1.4.1/app/assets/javascripts
  /bundle/gems/rails_admin-1.4.1/app/assets/stylesheets
  /bundle/gems/rails_admin-1.4.1/vendor/assets/javascripts
  /bundle/gems/rails_admin-1.4.1/vendor/assets/stylesheets
  /bundle/gems/remotipart-1.4.2/vendor/assets/javascripts
  /bundle/gems/nested_form-0.3.2/vendor/assets/javascripts
  /bundle/gems/jquery-ui-rails-6.0.1/app/assets/images
  /bundle/gems/jquery-ui-rails-6.0.1/app/assets/javascripts
  /bundle/gems/jquery-ui-rails-6.0.1/app/assets/stylesheets
  /bundle/gems/font-awesome-rails-4.7.0.4/app/assets/fonts
  /bundle/gems/font-awesome-rails-4.7.0.4/app/assets/stylesheets
  /bundle/gems/jquery-rails-4.3.3/vendor/assets/javascripts
  /bundle/gems/coffee-rails-4.2.2/lib/assets/javascripts
  /bundle/gems/actioncable-5.2.1/lib/assets/compiled
  /bundle/gems/activestorage-5.2.1/app/assets/javascripts
  /bundle/gems/actionview-5.2.1/lib/assets/compiled
  /bundle/gems/bootstrap-sass-3.3.7/assets/stylesheets
  /bundle/gems/bootstrap-sass-3.3.7/assets/javascripts
  /bundle/gems/bootstrap-sass-3.3.7/assets/fonts
  /bundle/gems/bootstrap-sass-3.3.7/assets/images):
     5:       <meta content="IE=edge" http-equiv="X-UA-Compatible">
     6:         <meta content="width=device-width, initial-scale=1" name="viewport">
     7:           <title><%= Rails.application.class.parent_name %></title>
     8:           <%= stylesheet_link_tag    'application', media: 'all' %>
     9:           <%= javascript_include_tag 'application' %>
    10: 
    11: 
  
app/assets/javascripts/application.js:15
app/views/layouts/application.html.erb:8:in `_app_views_layouts_application_html_erb__3477338076984211803_47359599391140'
DEPRECATION WARNING: Leaving `ActiveRecord::ConnectionAdapters::SQLite3Adapter.represent_boolean_as_integer`
set to false is deprecated. SQLite databases have used 't' and 'f' to serialize
boolean values and must have old data converted to 1 and 0 (its native boolean
serialization) before setting this flag to true. Conversion can be accomplished
by setting up a rake task which runs

  ExampleModel.where("boolean_column = 't'").update_all(boolean_column: 1)
  ExampleModel.where("boolean_column = 'f'").update_all(boolean_column: 0)

for all models and all boolean columns, after which the flag must be set to
true by adding the following to your application.rb file:

  Rails.application.config.active_record.sqlite3.represent_boolean_as_integer = true
 (called from <top (required)> at /srv/dkr/brail347a22sa2/config/environment.rb:5)
Started GET "/" for 10.4.11.110 at 2018-09-21 14:52:23 -0400
Cannot render console from 10.4.11.110! Allowed networks: 127.0.0.1, ::1, 127.0.0.0/127.255.255.255
  [1m[35m (0.4ms)[0m  [1m[34mSELECT "schema_migrations"."version" FROM "schema_migrations" ORDER BY "schema_migrations"."version" ASC[0m
Processing by HomeController#index as HTML
  Rendering home/index.html.erb within layouts/application
  Rendered home/index.html.erb within layouts/application (5.0ms)
Started GET "/" for 10.4.11.110 at 2018-09-21 14:52:27 -0400
Cannot render console from 10.4.11.110! Allowed networks: 127.0.0.1, ::1, 127.0.0.0/127.255.255.255
Processing by HomeController#index as HTML
  Rendering home/index.html.erb within layouts/application
  Rendered home/index.html.erb within layouts/application (1.5ms)
Started GET "/" for 10.4.11.110 at 2018-09-21 14:52:30 -0400
Cannot render console from 10.4.11.110! Allowed networks: 127.0.0.1, ::1, 127.0.0.0/127.255.255.255
Processing by HomeController#index as HTML
  Rendering home/index.html.erb within layouts/application
  Rendered home/index.html.erb within layouts/application (3.4ms)
Started GET "/" for 10.4.11.110 at 2018-09-21 14:52:32 -0400
Cannot render console from 10.4.11.110! Allowed networks: 127.0.0.1, ::1, 127.0.0.0/127.255.255.255
Processing by HomeController#index as HTML
  Rendering home/index.html.erb within layouts/application
  Rendered home/index.html.erb within layouts/application (2.9ms)
Started GET "/" for 10.4.11.110 at 2018-09-21 14:52:33 -0400
Cannot render console from 10.4.11.110! Allowed networks: 127.0.0.1, ::1, 127.0.0.0/127.255.255.255
Processing by HomeController#index as HTML
  Rendering home/index.html.erb within layouts/application
  Rendered home/index.html.erb within layouts/application (3.4ms)
Completed 500 Internal Server Error in 204197ms (ActiveRecord: 0.0ms)


Completed 500 Internal Server Error in 210491ms (ActiveRecord: 0.0ms)


Completed 500 Internal Server Error in 205063ms (ActiveRecord: 0.0ms)


Completed 500 Internal Server Error in 214614ms (ActiveRecord: 0.0ms)


  
ActionView::Template::Error (couldn't find file 'jquery-ui/autocomplete' with type 'application/javascript'
Checked in these paths: 
  /srv/dkr/brail347a22sa2/app/assets/config
  /srv/dkr/brail347a22sa2/app/assets/images
  /srv/dkr/brail347a22sa2/app/assets/javascripts
  /srv/dkr/brail347a22sa2/app/assets/stylesheets
  /srv/dkr/brail347a22sa2/vendor/assets/javascripts
  /srv/dkr/brail347a22sa2/vendor/assets/stylesheets
  /home/albe/.rbenv/versions/2.3.0/lib/ruby/gems/2.3.0/gems/rails-jquery-autocomplete-1.0.4/lib/assets/javascripts
  /home/albe/.rbenv/versions/2.3.0/lib/ruby/gems/2.3.0/gems/select2-rails-4.0.3/vendor/assets/javascripts
  /home/albe/.rbenv/versions/2.3.0/lib/ruby/gems/2.3.0/gems/select2-rails-4.0.3/vendor/assets/stylesheets
  /home/albe/.rbenv/versions/2.3.0/lib/ruby/gems/2.3.0/gems/rails_admin_material-0.2.1/vendor/assets/javascripts
  /home/albe/.rbenv/versions/2.3.0/lib/ruby/gems/2.3.0/gems/rails_admin_material-0.2.1/vendor/assets/stylesheets
  /home/albe/.rbenv/versions/2.3.0/lib/ruby/gems/2.3.0/gems/rails_admin-1.4.1/app/assets/images
  /home/albe/.rbenv/versions/2.3.0/lib/ruby/gems/2.3.0/gems/rails_admin-1.4.1/app/assets/javascripts
  /home/albe/.rbenv/versions/2.3.0/lib/ruby/gems/2.3.0/gems/rails_admin-1.4.1/app/assets/stylesheets
  /home/albe/.rbenv/versions/2.3.0/lib/ruby/gems/2.3.0/gems/rails_admin-1.4.1/vendor/assets/javascripts
  /home/albe/.rbenv/versions/2.3.0/lib/ruby/gems/2.3.0/gems/rails_admin-1.4.1/vendor/assets/stylesheets
  /home/albe/.rbenv/versions/2.3.0/lib/ruby/gems/2.3.0/gems/remotipart-1.4.2/vendor/assets/javascripts
  /home/albe/.rbenv/versions/2.3.0/lib/ruby/gems/2.3.0/gems/nested_form-0.3.2/vendor/assets/javascripts
  /home/albe/.rbenv/versions/2.3.0/lib/ruby/gems/2.3.0/gems/jquery-ui-rails-6.0.1/app/assets/images
  /home/albe/.rbenv/versions/2.3.0/lib/ruby/gems/2.3.0/gems/jquery-ui-rails-6.0.1/app/assets/javascripts
  /home/albe/.rbenv/versions/2.3.0/lib/ruby/gems/2.3.0/gems/jquery-ui-rails-6.0.1/app/assets/stylesheets
  /home/albe/.rbenv/versions/2.3.0/lib/ruby/gems/2.3.0/gems/font-awesome-rails-4.7.0.4/app/assets/fonts
  /home/albe/.rbenv/versions/2.3.0/lib/ruby/gems/2.3.0/gems/font-awesome-rails-4.7.0.4/app/assets/stylesheets
  /home/albe/.rbenv/versions/2.3.0/lib/ruby/gems/2.3.0/gems/jquery-rails-4.3.3/vendor/assets/javascripts
  /home/albe/.rbenv/versions/2.3.0/lib/ruby/gems/2.3.0/gems/coffee-rails-4.2.2/lib/assets/javascripts
  /home/albe/.rbenv/versions/2.3.0/lib/ruby/gems/2.3.0/gems/actioncable-5.2.1/lib/assets/compiled
  /home/albe/.rbenv/versions/2.3.0/lib/ruby/gems/2.3.0/gems/activestorage-5.2.1/app/assets/javascripts
  /home/albe/.rbenv/versions/2.3.0/lib/ruby/gems/2.3.0/gems/actionview-5.2.1/lib/assets/compiled
  /home/albe/.rbenv/versions/2.3.0/lib/ruby/gems/2.3.0/gems/bootstrap-sass-3.3.7/assets/stylesheets
  /home/albe/.rbenv/versions/2.3.0/lib/ruby/gems/2.3.0/gems/bootstrap-sass-3.3.7/assets/javascripts
  /home/albe/.rbenv/versions/2.3.0/lib/ruby/gems/2.3.0/gems/bootstrap-sass-3.3.7/assets/fonts
  /home/albe/.rbenv/versions/2.3.0/lib/ruby/gems/2.3.0/gems/bootstrap-sass-3.3.7/assets/images):
  
  
  
Completed 500 Internal Server Error in 207437ms (ActiveRecord: 0.0ms)


     5:       <meta content="IE=edge" http-equiv="X-UA-Compatible">
     6:         <meta content="width=device-width, initial-scale=1" name="viewport">
     7:           <title><%= Rails.application.class.parent_name %></title>
     8:           <%= stylesheet_link_tag    'application', media: 'all' %>
     9:           <%= javascript_include_tag 'application' %>
    10: 
    11: 
ActionView::Template::Error (couldn't find file 'jquery-ui/autocomplete' with type 'application/javascript'
Checked in these paths: 
  /srv/dkr/brail347a22sa2/app/assets/config
  /srv/dkr/brail347a22sa2/app/assets/images
  /srv/dkr/brail347a22sa2/app/assets/javascripts
  /srv/dkr/brail347a22sa2/app/assets/stylesheets
  /srv/dkr/brail347a22sa2/vendor/assets/javascripts
  /srv/dkr/brail347a22sa2/vendor/assets/stylesheets
  /home/albe/.rbenv/versions/2.3.0/lib/ruby/gems/2.3.0/gems/rails-jquery-autocomplete-1.0.4/lib/assets/javascripts
  /home/albe/.rbenv/versions/2.3.0/lib/ruby/gems/2.3.0/gems/select2-rails-4.0.3/vendor/assets/javascripts
  /home/albe/.rbenv/versions/2.3.0/lib/ruby/gems/2.3.0/gems/select2-rails-4.0.3/vendor/assets/stylesheets
  /home/albe/.rbenv/versions/2.3.0/lib/ruby/gems/2.3.0/gems/rails_admin_material-0.2.1/vendor/assets/javascripts
  /home/albe/.rbenv/versions/2.3.0/lib/ruby/gems/2.3.0/gems/rails_admin_material-0.2.1/vendor/assets/stylesheets
  /home/albe/.rbenv/versions/2.3.0/lib/ruby/gems/2.3.0/gems/rails_admin-1.4.1/app/assets/images
  /home/albe/.rbenv/versions/2.3.0/lib/ruby/gems/2.3.0/gems/rails_admin-1.4.1/app/assets/javascripts
  /home/albe/.rbenv/versions/2.3.0/lib/ruby/gems/2.3.0/gems/rails_admin-1.4.1/app/assets/stylesheets
  /home/albe/.rbenv/versions/2.3.0/lib/ruby/gems/2.3.0/gems/rails_admin-1.4.1/vendor/assets/javascripts
  /home/albe/.rbenv/versions/2.3.0/lib/ruby/gems/2.3.0/gems/rails_admin-1.4.1/vendor/assets/stylesheets
  /home/albe/.rbenv/versions/2.3.0/lib/ruby/gems/2.3.0/gems/remotipart-1.4.2/vendor/assets/javascripts
  /home/albe/.rbenv/versions/2.3.0/lib/ruby/gems/2.3.0/gems/nested_form-0.3.2/vendor/assets/javascripts
  /home/albe/.rbenv/versions/2.3.0/lib/ruby/gems/2.3.0/gems/jquery-ui-rails-6.0.1/app/assets/images
  /home/albe/.rbenv/versions/2.3.0/lib/ruby/gems/2.3.0/gems/jquery-ui-rails-6.0.1/app/assets/javascripts
  /home/albe/.rbenv/versions/2.3.0/lib/ruby/gems/2.3.0/gems/jquery-ui-rails-6.0.1/app/assets/stylesheets
  /home/albe/.rbenv/versions/2.3.0/lib/ruby/gems/2.3.0/gems/font-awesome-rails-4.7.0.4/app/assets/fonts
  /home/albe/.rbenv/versions/2.3.0/lib/ruby/gems/2.3.0/gems/font-awesome-rails-4.7.0.4/app/assets/stylesheets
  /home/albe/.rbenv/versions/2.3.0/lib/ruby/gems/2.3.0/gems/jquery-rails-4.3.3/vendor/assets/javascripts
  /home/albe/.rbenv/versions/2.3.0/lib/ruby/gems/2.3.0/gems/coffee-rails-4.2.2/lib/assets/javascripts
  /home/albe/.rbenv/versions/2.3.0/lib/ruby/gems/2.3.0/gems/actioncable-5.2.1/lib/assets/compiled
  /home/albe/.rbenv/versions/2.3.0/lib/ruby/gems/2.3.0/gems/activestorage-5.2.1/app/assets/javascripts
  /home/albe/.rbenv/versions/2.3.0/lib/ruby/gems/2.3.0/gems/actionview-5.2.1/lib/assets/compiled
  /home/albe/.rbenv/versions/2.3.0/lib/ruby/gems/2.3.0/gems/bootstrap-sass-3.3.7/assets/stylesheets
  /home/albe/.rbenv/versions/2.3.0/lib/ruby/gems/2.3.0/gems/bootstrap-sass-3.3.7/assets/javascripts
  /home/albe/.rbenv/versions/2.3.0/lib/ruby/gems/2.3.0/gems/bootstrap-sass-3.3.7/assets/fonts
  /home/albe/.rbenv/versions/2.3.0/lib/ruby/gems/2.3.0/gems/bootstrap-sass-3.3.7/assets/images):
     5:       <meta content="IE=edge" http-equiv="X-UA-Compatible">
     6:         <meta content="width=device-width, initial-scale=1" name="viewport">
     7:           <title><%= Rails.application.class.parent_name %></title>
     8:           <%= stylesheet_link_tag    'application', media: 'all' %>
     9:           <%= javascript_include_tag 'application' %>
    10: 
    11: 
ActionView::Template::Error (couldn't find file 'jquery-ui/autocomplete' with type 'application/javascript'
Checked in these paths: 
  /srv/dkr/brail347a22sa2/app/assets/config
  /srv/dkr/brail347a22sa2/app/assets/images
  /srv/dkr/brail347a22sa2/app/assets/javascripts
  /srv/dkr/brail347a22sa2/app/assets/stylesheets
  /srv/dkr/brail347a22sa2/vendor/assets/javascripts
  /srv/dkr/brail347a22sa2/vendor/assets/stylesheets
  /home/albe/.rbenv/versions/2.3.0/lib/ruby/gems/2.3.0/gems/rails-jquery-autocomplete-1.0.4/lib/assets/javascripts
  /home/albe/.rbenv/versions/2.3.0/lib/ruby/gems/2.3.0/gems/select2-rails-4.0.3/vendor/assets/javascripts
  /home/albe/.rbenv/versions/2.3.0/lib/ruby/gems/2.3.0/gems/select2-rails-4.0.3/vendor/assets/stylesheets
  /home/albe/.rbenv/versions/2.3.0/lib/ruby/gems/2.3.0/gems/rails_admin_material-0.2.1/vendor/assets/javascripts
  /home/albe/.rbenv/versions/2.3.0/lib/ruby/gems/2.3.0/gems/rails_admin_material-0.2.1/vendor/assets/stylesheets
  /home/albe/.rbenv/versions/2.3.0/lib/ruby/gems/2.3.0/gems/rails_admin-1.4.1/app/assets/images
  /home/albe/.rbenv/versions/2.3.0/lib/ruby/gems/2.3.0/gems/rails_admin-1.4.1/app/assets/javascripts
  /home/albe/.rbenv/versions/2.3.0/lib/ruby/gems/2.3.0/gems/rails_admin-1.4.1/app/assets/stylesheets
  /home/albe/.rbenv/versions/2.3.0/lib/ruby/gems/2.3.0/gems/rails_admin-1.4.1/vendor/assets/javascripts
  /home/albe/.rbenv/versions/2.3.0/lib/ruby/gems/2.3.0/gems/rails_admin-1.4.1/vendor/assets/stylesheets
  /home/albe/.rbenv/versions/2.3.0/lib/ruby/gems/2.3.0/gems/remotipart-1.4.2/vendor/assets/javascripts
  /home/albe/.rbenv/versions/2.3.0/lib/ruby/gems/2.3.0/gems/nested_form-0.3.2/vendor/assets/javascripts
  /home/albe/.rbenv/versions/2.3.0/lib/ruby/gems/2.3.0/gems/jquery-ui-rails-6.0.1/app/assets/images
  /home/albe/.rbenv/versions/2.3.0/lib/ruby/gems/2.3.0/gems/jquery-ui-rails-6.0.1/app/assets/javascripts
  /home/albe/.rbenv/versions/2.3.0/lib/ruby/gems/2.3.0/gems/jquery-ui-rails-6.0.1/app/assets/stylesheets
  /home/albe/.rbenv/versions/2.3.0/lib/ruby/gems/2.3.0/gems/font-awesome-rails-4.7.0.4/app/assets/fonts
  /home/albe/.rbenv/versions/2.3.0/lib/ruby/gems/2.3.0/gems/font-awesome-rails-4.7.0.4/app/assets/stylesheets
  /home/albe/.rbenv/versions/2.3.0/lib/ruby/gems/2.3.0/gems/jquery-rails-4.3.3/vendor/assets/javascripts
  /home/albe/.rbenv/versions/2.3.0/lib/ruby/gems/2.3.0/gems/coffee-rails-4.2.2/lib/assets/javascripts
  /home/albe/.rbenv/versions/2.3.0/lib/ruby/gems/2.3.0/gems/actioncable-5.2.1/lib/assets/compiled
  /home/albe/.rbenv/versions/2.3.0/lib/ruby/gems/2.3.0/gems/activestorage-5.2.1/app/assets/javascripts
  /home/albe/.rbenv/versions/2.3.0/lib/ruby/gems/2.3.0/gems/actionview-5.2.1/lib/assets/compiled
  /home/albe/.rbenv/versions/2.3.0/lib/ruby/gems/2.3.0/gems/bootstrap-sass-3.3.7/assets/stylesheets
  /home/albe/.rbenv/versions/2.3.0/lib/ruby/gems/2.3.0/gems/bootstrap-sass-3.3.7/assets/javascripts
  /home/albe/.rbenv/versions/2.3.0/lib/ruby/gems/2.3.0/gems/bootstrap-sass-3.3.7/assets/fonts
  /home/albe/.rbenv/versions/2.3.0/lib/ruby/gems/2.3.0/gems/bootstrap-sass-3.3.7/assets/images):
  
  
  
app/assets/javascripts/application.js:15
app/views/layouts/application.html.erb:8:in `_app_views_layouts_application_html_erb__852326805275331868_70031985169160'
     5:       <meta content="IE=edge" http-equiv="X-UA-Compatible">
     6:         <meta content="width=device-width, initial-scale=1" name="viewport">
     7:           <title><%= Rails.application.class.parent_name %></title>
     8:           <%= stylesheet_link_tag    'application', media: 'all' %>
     9:           <%= javascript_include_tag 'application' %>
    10: 
    11: 
ActionView::Template::Error (couldn't find file 'jquery-ui/autocomplete' with type 'application/javascript'
Checked in these paths: 
  /srv/dkr/brail347a22sa2/app/assets/config
  /srv/dkr/brail347a22sa2/app/assets/images
  /srv/dkr/brail347a22sa2/app/assets/javascripts
  /srv/dkr/brail347a22sa2/app/assets/stylesheets
  /srv/dkr/brail347a22sa2/vendor/assets/javascripts
  /srv/dkr/brail347a22sa2/vendor/assets/stylesheets
  /home/albe/.rbenv/versions/2.3.0/lib/ruby/gems/2.3.0/gems/rails-jquery-autocomplete-1.0.4/lib/assets/javascripts
  /home/albe/.rbenv/versions/2.3.0/lib/ruby/gems/2.3.0/gems/select2-rails-4.0.3/vendor/assets/javascripts
  /home/albe/.rbenv/versions/2.3.0/lib/ruby/gems/2.3.0/gems/select2-rails-4.0.3/vendor/assets/stylesheets
  /home/albe/.rbenv/versions/2.3.0/lib/ruby/gems/2.3.0/gems/rails_admin_material-0.2.1/vendor/assets/javascripts
  /home/albe/.rbenv/versions/2.3.0/lib/ruby/gems/2.3.0/gems/rails_admin_material-0.2.1/vendor/assets/stylesheets
  /home/albe/.rbenv/versions/2.3.0/lib/ruby/gems/2.3.0/gems/rails_admin-1.4.1/app/assets/images
  /home/albe/.rbenv/versions/2.3.0/lib/ruby/gems/2.3.0/gems/rails_admin-1.4.1/app/assets/javascripts
  /home/albe/.rbenv/versions/2.3.0/lib/ruby/gems/2.3.0/gems/rails_admin-1.4.1/app/assets/stylesheets
  /home/albe/.rbenv/versions/2.3.0/lib/ruby/gems/2.3.0/gems/rails_admin-1.4.1/vendor/assets/javascripts
  /home/albe/.rbenv/versions/2.3.0/lib/ruby/gems/2.3.0/gems/rails_admin-1.4.1/vendor/assets/stylesheets
  /home/albe/.rbenv/versions/2.3.0/lib/ruby/gems/2.3.0/gems/remotipart-1.4.2/vendor/assets/javascripts
  /home/albe/.rbenv/versions/2.3.0/lib/ruby/gems/2.3.0/gems/nested_form-0.3.2/vendor/assets/javascripts
  /home/albe/.rbenv/versions/2.3.0/lib/ruby/gems/2.3.0/gems/jquery-ui-rails-6.0.1/app/assets/images
  /home/albe/.rbenv/versions/2.3.0/lib/ruby/gems/2.3.0/gems/jquery-ui-rails-6.0.1/app/assets/javascripts
  /home/albe/.rbenv/versions/2.3.0/lib/ruby/gems/2.3.0/gems/jquery-ui-rails-6.0.1/app/assets/stylesheets
  /home/albe/.rbenv/versions/2.3.0/lib/ruby/gems/2.3.0/gems/font-awesome-rails-4.7.0.4/app/assets/fonts
  /home/albe/.rbenv/versions/2.3.0/lib/ruby/gems/2.3.0/gems/font-awesome-rails-4.7.0.4/app/assets/stylesheets
  /home/albe/.rbenv/versions/2.3.0/lib/ruby/gems/2.3.0/gems/jquery-rails-4.3.3/vendor/assets/javascripts
  /home/albe/.rbenv/versions/2.3.0/lib/ruby/gems/2.3.0/gems/coffee-rails-4.2.2/lib/assets/javascripts
  /home/albe/.rbenv/versions/2.3.0/lib/ruby/gems/2.3.0/gems/actioncable-5.2.1/lib/assets/compiled
  /home/albe/.rbenv/versions/2.3.0/lib/ruby/gems/2.3.0/gems/activestorage-5.2.1/app/assets/javascripts
  /home/albe/.rbenv/versions/2.3.0/lib/ruby/gems/2.3.0/gems/actionview-5.2.1/lib/assets/compiled
  /home/albe/.rbenv/versions/2.3.0/lib/ruby/gems/2.3.0/gems/bootstrap-sass-3.3.7/assets/stylesheets
  /home/albe/.rbenv/versions/2.3.0/lib/ruby/gems/2.3.0/gems/bootstrap-sass-3.3.7/assets/javascripts
  /home/albe/.rbenv/versions/2.3.0/lib/ruby/gems/2.3.0/gems/bootstrap-sass-3.3.7/assets/fonts
  /home/albe/.rbenv/versions/2.3.0/lib/ruby/gems/2.3.0/gems/bootstrap-sass-3.3.7/assets/images):
app/assets/javascripts/application.js:15
app/views/layouts/application.html.erb:8:in `_app_views_layouts_application_html_erb__852326805275331868_70031906568200'
ActionView::Template::Error (couldn't find file 'jquery-ui/autocomplete' with type 'application/javascript'
Checked in these paths: 
  /srv/dkr/brail347a22sa2/app/assets/config
  /srv/dkr/brail347a22sa2/app/assets/images
  /srv/dkr/brail347a22sa2/app/assets/javascripts
  /srv/dkr/brail347a22sa2/app/assets/stylesheets
  /srv/dkr/brail347a22sa2/vendor/assets/javascripts
  /srv/dkr/brail347a22sa2/vendor/assets/stylesheets
  /home/albe/.rbenv/versions/2.3.0/lib/ruby/gems/2.3.0/gems/rails-jquery-autocomplete-1.0.4/lib/assets/javascripts
  /home/albe/.rbenv/versions/2.3.0/lib/ruby/gems/2.3.0/gems/select2-rails-4.0.3/vendor/assets/javascripts
  /home/albe/.rbenv/versions/2.3.0/lib/ruby/gems/2.3.0/gems/select2-rails-4.0.3/vendor/assets/stylesheets
  /home/albe/.rbenv/versions/2.3.0/lib/ruby/gems/2.3.0/gems/rails_admin_material-0.2.1/vendor/assets/javascripts
  /home/albe/.rbenv/versions/2.3.0/lib/ruby/gems/2.3.0/gems/rails_admin_material-0.2.1/vendor/assets/stylesheets
  /home/albe/.rbenv/versions/2.3.0/lib/ruby/gems/2.3.0/gems/rails_admin-1.4.1/app/assets/images
  /home/albe/.rbenv/versions/2.3.0/lib/ruby/gems/2.3.0/gems/rails_admin-1.4.1/app/assets/javascripts
  /home/albe/.rbenv/versions/2.3.0/lib/ruby/gems/2.3.0/gems/rails_admin-1.4.1/app/assets/stylesheets
  /home/albe/.rbenv/versions/2.3.0/lib/ruby/gems/2.3.0/gems/rails_admin-1.4.1/vendor/assets/javascripts
  /home/albe/.rbenv/versions/2.3.0/lib/ruby/gems/2.3.0/gems/rails_admin-1.4.1/vendor/assets/stylesheets
  /home/albe/.rbenv/versions/2.3.0/lib/ruby/gems/2.3.0/gems/remotipart-1.4.2/vendor/assets/javascripts
  /home/albe/.rbenv/versions/2.3.0/lib/ruby/gems/2.3.0/gems/nested_form-0.3.2/vendor/assets/javascripts
  /home/albe/.rbenv/versions/2.3.0/lib/ruby/gems/2.3.0/gems/jquery-ui-rails-6.0.1/app/assets/images
  /home/albe/.rbenv/versions/2.3.0/lib/ruby/gems/2.3.0/gems/jquery-ui-rails-6.0.1/app/assets/javascripts
  /home/albe/.rbenv/versions/2.3.0/lib/ruby/gems/2.3.0/gems/jquery-ui-rails-6.0.1/app/assets/stylesheets
  /home/albe/.rbenv/versions/2.3.0/lib/ruby/gems/2.3.0/gems/font-awesome-rails-4.7.0.4/app/assets/fonts
  /home/albe/.rbenv/versions/2.3.0/lib/ruby/gems/2.3.0/gems/font-awesome-rails-4.7.0.4/app/assets/stylesheets
  /home/albe/.rbenv/versions/2.3.0/lib/ruby/gems/2.3.0/gems/jquery-rails-4.3.3/vendor/assets/javascripts
  /home/albe/.rbenv/versions/2.3.0/lib/ruby/gems/2.3.0/gems/coffee-rails-4.2.2/lib/assets/javascripts
  /home/albe/.rbenv/versions/2.3.0/lib/ruby/gems/2.3.0/gems/actioncable-5.2.1/lib/assets/compiled
  /home/albe/.rbenv/versions/2.3.0/lib/ruby/gems/2.3.0/gems/activestorage-5.2.1/app/assets/javascripts
  /home/albe/.rbenv/versions/2.3.0/lib/ruby/gems/2.3.0/gems/actionview-5.2.1/lib/assets/compiled
  /home/albe/.rbenv/versions/2.3.0/lib/ruby/gems/2.3.0/gems/bootstrap-sass-3.3.7/assets/stylesheets
  /home/albe/.rbenv/versions/2.3.0/lib/ruby/gems/2.3.0/gems/bootstrap-sass-3.3.7/assets/javascripts
  /home/albe/.rbenv/versions/2.3.0/lib/ruby/gems/2.3.0/gems/bootstrap-sass-3.3.7/assets/fonts
  /home/albe/.rbenv/versions/2.3.0/lib/ruby/gems/2.3.0/gems/bootstrap-sass-3.3.7/assets/images):
  
     5:       <meta content="IE=edge" http-equiv="X-UA-Compatible">
     6:         <meta content="width=device-width, initial-scale=1" name="viewport">
     7:           <title><%= Rails.application.class.parent_name %></title>
     8:           <%= stylesheet_link_tag    'application', media: 'all' %>
     9:           <%= javascript_include_tag 'application' %>
    10: 
    11: 
     5:       <meta content="IE=edge" http-equiv="X-UA-Compatible">
     6:         <meta content="width=device-width, initial-scale=1" name="viewport">
     7:           <title><%= Rails.application.class.parent_name %></title>
     8:           <%= stylesheet_link_tag    'application', media: 'all' %>
     9:           <%= javascript_include_tag 'application' %>
    10: 
    11: 
app/assets/javascripts/application.js:15
app/views/layouts/application.html.erb:8:in `_app_views_layouts_application_html_erb__852326805275331868_70031904388060'
  
app/assets/javascripts/application.js:15
app/views/layouts/application.html.erb:8:in `_app_views_layouts_application_html_erb__852326805275331868_70031981233180'
  
app/assets/javascripts/application.js:15
app/views/layouts/application.html.erb:8:in `_app_views_layouts_application_html_erb__852326805275331868_47121728923920'
DEPRECATION WARNING: Leaving `ActiveRecord::ConnectionAdapters::SQLite3Adapter.represent_boolean_as_integer`
set to false is deprecated. SQLite databases have used 't' and 'f' to serialize
boolean values and must have old data converted to 1 and 0 (its native boolean
serialization) before setting this flag to true. Conversion can be accomplished
by setting up a rake task which runs

  ExampleModel.where("boolean_column = 't'").update_all(boolean_column: 1)
  ExampleModel.where("boolean_column = 'f'").update_all(boolean_column: 0)

for all models and all boolean columns, after which the flag must be set to
true by adding the following to your application.rb file:

  Rails.application.config.active_record.sqlite3.represent_boolean_as_integer = true
 (called from <top (required)> at /srv/dkr/brail347a22sa2/config/environment.rb:5)
Started GET "/" for 10.4.11.110 at 2018-09-21 14:56:41 -0400
Cannot render console from 10.4.11.110! Allowed networks: 127.0.0.1, ::1, 127.0.0.0/127.255.255.255
  [1m[35m (0.5ms)[0m  [1m[34mSELECT "schema_migrations"."version" FROM "schema_migrations" ORDER BY "schema_migrations"."version" ASC[0m
Processing by HomeController#index as HTML
  Rendering home/index.html.erb within layouts/application
  Rendered home/index.html.erb within layouts/application (5.1ms)
Completed 500 Internal Server Error in 1105ms (ActiveRecord: 0.0ms)


  
ActionView::Template::Error (couldn't find file 'jquery-ui/autocomplete' with type 'application/javascript'
Checked in these paths: 
  /srv/dkr/brail347a22sa2/app/assets/config
  /srv/dkr/brail347a22sa2/app/assets/images
  /srv/dkr/brail347a22sa2/app/assets/javascripts
  /srv/dkr/brail347a22sa2/app/assets/stylesheets
  /srv/dkr/brail347a22sa2/vendor/assets/javascripts
  /srv/dkr/brail347a22sa2/vendor/assets/stylesheets
  /home/albe/.rbenv/versions/2.3.0/lib/ruby/gems/2.3.0/gems/rails-jquery-autocomplete-1.0.4/lib/assets/javascripts
  /home/albe/.rbenv/versions/2.3.0/lib/ruby/gems/2.3.0/gems/select2-rails-4.0.3/vendor/assets/javascripts
  /home/albe/.rbenv/versions/2.3.0/lib/ruby/gems/2.3.0/gems/select2-rails-4.0.3/vendor/assets/stylesheets
  /home/albe/.rbenv/versions/2.3.0/lib/ruby/gems/2.3.0/gems/rails_admin_material-0.2.1/vendor/assets/javascripts
  /home/albe/.rbenv/versions/2.3.0/lib/ruby/gems/2.3.0/gems/rails_admin_material-0.2.1/vendor/assets/stylesheets
  /home/albe/.rbenv/versions/2.3.0/lib/ruby/gems/2.3.0/gems/rails_admin-1.4.1/app/assets/images
  /home/albe/.rbenv/versions/2.3.0/lib/ruby/gems/2.3.0/gems/rails_admin-1.4.1/app/assets/javascripts
  /home/albe/.rbenv/versions/2.3.0/lib/ruby/gems/2.3.0/gems/rails_admin-1.4.1/app/assets/stylesheets
  /home/albe/.rbenv/versions/2.3.0/lib/ruby/gems/2.3.0/gems/rails_admin-1.4.1/vendor/assets/javascripts
  /home/albe/.rbenv/versions/2.3.0/lib/ruby/gems/2.3.0/gems/rails_admin-1.4.1/vendor/assets/stylesheets
  /home/albe/.rbenv/versions/2.3.0/lib/ruby/gems/2.3.0/gems/remotipart-1.4.2/vendor/assets/javascripts
  /home/albe/.rbenv/versions/2.3.0/lib/ruby/gems/2.3.0/gems/nested_form-0.3.2/vendor/assets/javascripts
  /home/albe/.rbenv/versions/2.3.0/lib/ruby/gems/2.3.0/gems/jquery-ui-rails-6.0.1/app/assets/images
  /home/albe/.rbenv/versions/2.3.0/lib/ruby/gems/2.3.0/gems/jquery-ui-rails-6.0.1/app/assets/javascripts
  /home/albe/.rbenv/versions/2.3.0/lib/ruby/gems/2.3.0/gems/jquery-ui-rails-6.0.1/app/assets/stylesheets
  /home/albe/.rbenv/versions/2.3.0/lib/ruby/gems/2.3.0/gems/font-awesome-rails-4.7.0.4/app/assets/fonts
  /home/albe/.rbenv/versions/2.3.0/lib/ruby/gems/2.3.0/gems/font-awesome-rails-4.7.0.4/app/assets/stylesheets
  /home/albe/.rbenv/versions/2.3.0/lib/ruby/gems/2.3.0/gems/jquery-rails-4.3.3/vendor/assets/javascripts
  /home/albe/.rbenv/versions/2.3.0/lib/ruby/gems/2.3.0/gems/coffee-rails-4.2.2/lib/assets/javascripts
  /home/albe/.rbenv/versions/2.3.0/lib/ruby/gems/2.3.0/gems/actioncable-5.2.1/lib/assets/compiled
  /home/albe/.rbenv/versions/2.3.0/lib/ruby/gems/2.3.0/gems/activestorage-5.2.1/app/assets/javascripts
  /home/albe/.rbenv/versions/2.3.0/lib/ruby/gems/2.3.0/gems/actionview-5.2.1/lib/assets/compiled
  /home/albe/.rbenv/versions/2.3.0/lib/ruby/gems/2.3.0/gems/bootstrap-sass-3.3.7/assets/stylesheets
  /home/albe/.rbenv/versions/2.3.0/lib/ruby/gems/2.3.0/gems/bootstrap-sass-3.3.7/assets/javascripts
  /home/albe/.rbenv/versions/2.3.0/lib/ruby/gems/2.3.0/gems/bootstrap-sass-3.3.7/assets/fonts
  /home/albe/.rbenv/versions/2.3.0/lib/ruby/gems/2.3.0/gems/bootstrap-sass-3.3.7/assets/images):
     5:       <meta content="IE=edge" http-equiv="X-UA-Compatible">
     6:         <meta content="width=device-width, initial-scale=1" name="viewport">
     7:           <title><%= Rails.application.class.parent_name %></title>
     8:           <%= stylesheet_link_tag    'application', media: 'all' %>
     9:           <%= javascript_include_tag 'application' %>
    10: 
    11: 
  
app/assets/javascripts/application.js:15
app/views/layouts/application.html.erb:8:in `_app_views_layouts_application_html_erb__1918460714352772264_47366921933160'
DEPRECATION WARNING: Leaving `ActiveRecord::ConnectionAdapters::SQLite3Adapter.represent_boolean_as_integer`
set to false is deprecated. SQLite databases have used 't' and 'f' to serialize
boolean values and must have old data converted to 1 and 0 (its native boolean
serialization) before setting this flag to true. Conversion can be accomplished
by setting up a rake task which runs

  ExampleModel.where("boolean_column = 't'").update_all(boolean_column: 1)
  ExampleModel.where("boolean_column = 'f'").update_all(boolean_column: 0)

for all models and all boolean columns, after which the flag must be set to
true by adding the following to your application.rb file:

  Rails.application.config.active_record.sqlite3.represent_boolean_as_integer = true
 (called from <top (required)> at /srv/dkr/brail347a22sa2/config/environment.rb:5)
Started GET "/" for 10.4.11.110 at 2018-09-21 15:23:40 -0400
Cannot render console from 10.4.11.110! Allowed networks: 127.0.0.1, ::1, 127.0.0.0/127.255.255.255
  [1m[35m (0.4ms)[0m  [1m[34mSELECT "schema_migrations"."version" FROM "schema_migrations" ORDER BY "schema_migrations"."version" ASC[0m
Processing by HomeController#index as HTML
  Rendering home/index.html.erb within layouts/application
  Rendered home/index.html.erb within layouts/application (4.9ms)
Completed 500 Internal Server Error in 19843ms (ActiveRecord: 0.0ms)


  
ActionView::Template::Error (couldn't find file 'autocomplete-rails' with type 'application/javascript'
Checked in these paths: 
  /srv/dkr/brail347a22sa2/app/assets/config
  /srv/dkr/brail347a22sa2/app/assets/images
  /srv/dkr/brail347a22sa2/app/assets/javascripts
  /srv/dkr/brail347a22sa2/app/assets/stylesheets
  /srv/dkr/brail347a22sa2/vendor/assets/javascripts
  /srv/dkr/brail347a22sa2/vendor/assets/stylesheets
  /home/albe/.rbenv/versions/2.3.0/lib/ruby/gems/2.3.0/gems/select2-rails-4.0.3/vendor/assets/javascripts
  /home/albe/.rbenv/versions/2.3.0/lib/ruby/gems/2.3.0/gems/select2-rails-4.0.3/vendor/assets/stylesheets
  /home/albe/.rbenv/versions/2.3.0/lib/ruby/gems/2.3.0/gems/rails_admin_material-0.2.1/vendor/assets/javascripts
  /home/albe/.rbenv/versions/2.3.0/lib/ruby/gems/2.3.0/gems/rails_admin_material-0.2.1/vendor/assets/stylesheets
  /home/albe/.rbenv/versions/2.3.0/lib/ruby/gems/2.3.0/gems/rails_admin-1.4.1/app/assets/images
  /home/albe/.rbenv/versions/2.3.0/lib/ruby/gems/2.3.0/gems/rails_admin-1.4.1/app/assets/javascripts
  /home/albe/.rbenv/versions/2.3.0/lib/ruby/gems/2.3.0/gems/rails_admin-1.4.1/app/assets/stylesheets
  /home/albe/.rbenv/versions/2.3.0/lib/ruby/gems/2.3.0/gems/rails_admin-1.4.1/vendor/assets/javascripts
  /home/albe/.rbenv/versions/2.3.0/lib/ruby/gems/2.3.0/gems/rails_admin-1.4.1/vendor/assets/stylesheets
  /home/albe/.rbenv/versions/2.3.0/lib/ruby/gems/2.3.0/gems/remotipart-1.4.2/vendor/assets/javascripts
  /home/albe/.rbenv/versions/2.3.0/lib/ruby/gems/2.3.0/gems/nested_form-0.3.2/vendor/assets/javascripts
  /home/albe/.rbenv/versions/2.3.0/lib/ruby/gems/2.3.0/gems/jquery-ui-rails-6.0.1/app/assets/images
  /home/albe/.rbenv/versions/2.3.0/lib/ruby/gems/2.3.0/gems/jquery-ui-rails-6.0.1/app/assets/javascripts
  /home/albe/.rbenv/versions/2.3.0/lib/ruby/gems/2.3.0/gems/jquery-ui-rails-6.0.1/app/assets/stylesheets
  /home/albe/.rbenv/versions/2.3.0/lib/ruby/gems/2.3.0/gems/font-awesome-rails-4.7.0.4/app/assets/fonts
  /home/albe/.rbenv/versions/2.3.0/lib/ruby/gems/2.3.0/gems/font-awesome-rails-4.7.0.4/app/assets/stylesheets
  /home/albe/.rbenv/versions/2.3.0/lib/ruby/gems/2.3.0/gems/jquery-rails-4.3.3/vendor/assets/javascripts
  /home/albe/.rbenv/versions/2.3.0/lib/ruby/gems/2.3.0/gems/coffee-rails-4.2.2/lib/assets/javascripts
  /home/albe/.rbenv/versions/2.3.0/lib/ruby/gems/2.3.0/gems/actioncable-5.2.1/lib/assets/compiled
  /home/albe/.rbenv/versions/2.3.0/lib/ruby/gems/2.3.0/gems/activestorage-5.2.1/app/assets/javascripts
  /home/albe/.rbenv/versions/2.3.0/lib/ruby/gems/2.3.0/gems/actionview-5.2.1/lib/assets/compiled
  /home/albe/.rbenv/versions/2.3.0/lib/ruby/gems/2.3.0/gems/bootstrap-sass-3.3.7/assets/stylesheets
  /home/albe/.rbenv/versions/2.3.0/lib/ruby/gems/2.3.0/gems/bootstrap-sass-3.3.7/assets/javascripts
  /home/albe/.rbenv/versions/2.3.0/lib/ruby/gems/2.3.0/gems/bootstrap-sass-3.3.7/assets/fonts
  /home/albe/.rbenv/versions/2.3.0/lib/ruby/gems/2.3.0/gems/bootstrap-sass-3.3.7/assets/images):
     5:       <meta content="IE=edge" http-equiv="X-UA-Compatible">
     6:         <meta content="width=device-width, initial-scale=1" name="viewport">
     7:           <title><%= Rails.application.class.parent_name %></title>
     8:           <%= stylesheet_link_tag    'application', media: 'all' %>
     9:           <%= javascript_include_tag 'application' %>
    10: 
    11: 
  
app/assets/javascripts/application.js:16
app/views/layouts/application.html.erb:8:in `_app_views_layouts_application_html_erb__1436699361148687170_47374295514080'
DEPRECATION WARNING: Leaving `ActiveRecord::ConnectionAdapters::SQLite3Adapter.represent_boolean_as_integer`
set to false is deprecated. SQLite databases have used 't' and 'f' to serialize
boolean values and must have old data converted to 1 and 0 (its native boolean
serialization) before setting this flag to true. Conversion can be accomplished
by setting up a rake task which runs

  ExampleModel.where("boolean_column = 't'").update_all(boolean_column: 1)
  ExampleModel.where("boolean_column = 'f'").update_all(boolean_column: 0)

for all models and all boolean columns, after which the flag must be set to
true by adding the following to your application.rb file:

  Rails.application.config.active_record.sqlite3.represent_boolean_as_integer = true
 (called from <top (required)> at /srv/dkr/brail347a22sa2/config/environment.rb:5)
Started GET "/" for 10.4.11.110 at 2018-09-21 15:25:14 -0400
Cannot render console from 10.4.11.110! Allowed networks: 127.0.0.1, ::1, 127.0.0.0/127.255.255.255
  [1m[35m (0.4ms)[0m  [1m[34mSELECT "schema_migrations"."version" FROM "schema_migrations" ORDER BY "schema_migrations"."version" ASC[0m
Processing by HomeController#index as HTML
  Rendering home/index.html.erb within layouts/application
  Rendered home/index.html.erb within layouts/application (5.4ms)
Completed 200 OK in 2799ms (Views: 2775.5ms | ActiveRecord: 0.0ms)


Started GET "/products" for 10.4.11.110 at 2018-09-21 15:25:46 -0400
Cannot render console from 10.4.11.110! Allowed networks: 127.0.0.1, ::1, 127.0.0.0/127.255.255.255
Processing by ProductsController#index as HTML
Completed 401 Unauthorized in 14ms (ActiveRecord: 0.0ms)


Started GET "/users/sign_in" for 10.4.11.110 at 2018-09-21 15:25:50 -0400
Cannot render console from 10.4.11.110! Allowed networks: 127.0.0.1, ::1, 127.0.0.0/127.255.255.255
Processing by Users::SessionsController#new as HTML
  Rendering devise/sessions/new.html.erb within layouts/application
  Rendered devise/shared/_links.html.erb (1.8ms)
  Rendered devise/sessions/new.html.erb within layouts/application (30.5ms)
Completed 200 OK in 265ms (Views: 224.0ms | ActiveRecord: 1.3ms)


Started POST "/users/sign_in" for 10.4.11.110 at 2018-09-21 15:25:52 -0400
Cannot render console from 10.4.11.110! Allowed networks: 127.0.0.1, ::1, 127.0.0.0/127.255.255.255
Processing by Users::SessionsController#create as HTML
  Parameters: {"utf8"=>"✓", "authenticity_token"=>"G9k8kHRWB4BRAfiwtULyXznRY91v2gvOsl9V5u2xD/tlH9a0iwm09Ega40en6gqIobH83/jdb2cPLEqpHRS0vg==", "user"=>{"email"=>"a", "password"=>"[FILTERED]", "remember_me"=>"0"}, "commit"=>"Log in"}
  [1m[36mUser Load (1.2ms)[0m  [1m[34mSELECT  "users".* FROM "users" WHERE "users"."email" = ? ORDER BY "users"."id" ASC LIMIT ?[0m  [["email", "a"], ["LIMIT", 1]]
  [1m[35m (0.1ms)[0m  [1m[36mbegin transaction[0m
  [1m[36mRole Load (0.2ms)[0m  [1m[34mSELECT  "roles".* FROM "roles" WHERE "roles"."id" = ? LIMIT ?[0m  [["id", 18], ["LIMIT", 1]]
  [1m[35m (0.3ms)[0m  [1m[34mSELECT MAX("audits"."version") FROM "audits" WHERE "audits"."auditable_id" = ? AND "audits"."auditable_type" = ?[0m  [["auditable_id", 2], ["auditable_type", "User"]]
  [1m[36mAudited::Audit Create (1.7ms)[0m  [1m[32mINSERT INTO "audits" ("auditable_id", "auditable_type", "user_id", "user_type", "action", "audited_changes", "version", "remote_address", "request_uuid", "created_at") VALUES (?, ?, ?, ?, ?, ?, ?, ?, ?, ?)[0m  [["auditable_id", 2], ["auditable_type", "User"], ["user_id", 2], ["user_type", "User"], ["action", "update"], ["audited_changes", "---\ncurrent_sign_in_at:\n- !ruby/object:ActiveSupport::TimeWithZone\n  utc: 2018-09-17 17:33:07.476307000 Z\n  zone: &1 !ruby/object:ActiveSupport::TimeZone\n    name: America/New_York\n  time: 2018-09-17 13:33:07.476307000 Z\n- !ruby/object:ActiveSupport::TimeWithZone\n  utc: 2018-09-21 19:25:52.887709806 Z\n  zone: *1\n  time: 2018-09-21 15:25:52.887709806 Z\nlast_sign_in_at:\n- !ruby/object:ActiveSupport::TimeWithZone\n  utc: 2018-09-17 16:35:42.762995000 Z\n  zone: *1\n  time: 2018-09-17 12:35:42.762995000 Z\n- !ruby/object:ActiveSupport::TimeWithZone\n  utc: 2018-09-17 17:33:07.476307000 Z\n  zone: *1\n  time: 2018-09-17 13:33:07.476307000 Z\nlast_sign_in_ip:\n- 172.18.0.4\n- 10.4.11.110\nsign_in_count:\n- 23\n- 24\n"], ["version", 5], ["remote_address", "10.4.11.110"], ["request_uuid", "a5d23651-28da-4e16-ac00-9250307d6d22"], ["created_at", "2018-09-21 19:25:53.023929"]]
  [1m[36mUser Update (0.2ms)[0m  [1m[33mUPDATE "users" SET "current_sign_in_at" = ?, "last_sign_in_at" = ?, "last_sign_in_ip" = ?, "sign_in_count" = ?, "updated_at" = ? WHERE "users"."id" = ?[0m  [["current_sign_in_at", "2018-09-21 19:25:52.887709"], ["last_sign_in_at", "2018-09-17 17:33:07.476307"], ["last_sign_in_ip", "10.4.11.110"], ["sign_in_count", 24], ["updated_at", "2018-09-21 19:25:52.943929"], ["id", 2]]
  [1m[36mPaperTrail::Version Create (0.4ms)[0m  [1m[32mINSERT INTO "versions" ("item_type", "item_id", "event", "object", "created_at", "object_changes") VALUES (?, ?, ?, ?, ?, ?)[0m  [["item_type", "User"], ["item_id", 2], ["event", "update"], ["object", "---\nlocked_at: \nencrypted_password: \"$2a$11$AfMXafjvy3PXNzYist0.w.Fo4EgtnTC8vd1OWcV8YWtsohrYsK4Aa\"\nid: 2\nfailed_attempts: 0\ncurrent_sign_in_at: 2018-09-17 17:33:07.476307000 Z\nlast_sign_in_at: 2018-09-17 16:35:42.762995000 Z\ncurrent_sign_in_ip: 10.4.11.110\nlast_sign_in_ip: 172.18.0.4\nsign_in_count: 23\nrole_id: 18\nemail: a\nreset_password_token: \nreset_password_sent_at: \nremember_created_at: \ncreated_at: 2017-07-08 12:21:57.550986000 Z\nupdated_at: 2018-09-17 17:33:07.481878000 Z\nconfirmation_token: \nconfirmed_at: \nconfirmation_sent_at: \nunconfirmed_email: \nunlock_token: \nname: admin\n"], ["created_at", "2018-09-21 19:25:52.943929"], ["object_changes", "---\ncurrent_sign_in_at:\n- 2018-09-17 17:33:07.476307000 Z\n- 2018-09-21 19:25:52.887709806 Z\nlast_sign_in_at:\n- 2018-09-17 16:35:42.762995000 Z\n- 2018-09-17 17:33:07.476307000 Z\nlast_sign_in_ip:\n- 172.18.0.4\n- 10.4.11.110\nsign_in_count:\n- 23\n- 24\nupdated_at:\n- 2018-09-17 17:33:07.481878000 Z\n- 2018-09-21 19:25:52.943929235 Z\n"]]
  [1m[35m (14.4ms)[0m  [1m[36mcommit transaction[0m
Redirected to http://pmdsdata4:3003/products
Completed 302 Found in 652ms (ActiveRecord: 20.9ms)


Started GET "/products" for 10.4.11.110 at 2018-09-21 15:25:53 -0400
Cannot render console from 10.4.11.110! Allowed networks: 127.0.0.1, ::1, 127.0.0.0/127.255.255.255
Processing by ProductsController#index as HTML
  [1m[36mUser Load (0.4ms)[0m  [1m[34mSELECT  "users".* FROM "users" WHERE "users"."id" = ? ORDER BY "users"."id" ASC LIMIT ?[0m  [["id", 2], ["LIMIT", 1]]
  [1m[36mRole Load (0.2ms)[0m  [1m[34mSELECT  "roles".* FROM "roles" WHERE "roles"."id" = ? LIMIT ?[0m  [["id", 18], ["LIMIT", 1]]
  Rendering products/index.html.erb within layouts/application
  [1m[35m (0.2ms)[0m  [1m[34mSELECT COUNT(*) FROM "products"[0m
  [1m[35m (0.3ms)[0m  [1m[34mSELECT COUNT(*) FROM (SELECT  1 AS one FROM "products" LIMIT ? OFFSET ?) subquery_for_count[0m  [["LIMIT", 5], ["OFFSET", 0]]
  [1m[36mProduct Load (0.2ms)[0m  [1m[34mSELECT  "products".* FROM "products" LIMIT ? OFFSET ?[0m  [["LIMIT", 5], ["OFFSET", 0]]
  [1m[36mCountryOfOrigin Load (0.2ms)[0m  [1m[34mSELECT  "country_of_origins".* FROM "country_of_origins" WHERE "country_of_origins"."id" = ? LIMIT ?[0m  [["id", 1], ["LIMIT", 1]]
  [1m[36mCountryOfOrigin Load (0.2ms)[0m  [1m[34mSELECT  "country_of_origins".* FROM "country_of_origins" WHERE "country_of_origins"."id" = ? LIMIT ?[0m  [["id", 0], ["LIMIT", 1]]
  [1m[36mCACHE CountryOfOrigin Load (0.0ms)[0m  [1m[34mSELECT  "country_of_origins".* FROM "country_of_origins" WHERE "country_of_origins"."id" = ? LIMIT ?[0m  [["id", 0], ["LIMIT", 1]]
  Rendered products/index.html.erb within layouts/application (125.8ms)
Completed 200 OK in 356ms (Views: 335.4ms | ActiveRecord: 3.3ms)


Started GET "/products/1/edit" for 10.4.11.110 at 2018-09-21 15:25:55 -0400
Cannot render console from 10.4.11.110! Allowed networks: 127.0.0.1, ::1, 127.0.0.0/127.255.255.255
Processing by ProductsController#edit as HTML
  Parameters: {"id"=>"1"}
  [1m[36mUser Load (0.4ms)[0m  [1m[34mSELECT  "users".* FROM "users" WHERE "users"."id" = ? ORDER BY "users"."id" ASC LIMIT ?[0m  [["id", 2], ["LIMIT", 1]]
  [1m[36mProduct Load (0.2ms)[0m  [1m[34mSELECT  "products".* FROM "products" WHERE "products"."id" = ? LIMIT ?[0m  [["id", 1], ["LIMIT", 1]]
  [1m[36mRole Load (0.1ms)[0m  [1m[34mSELECT  "roles".* FROM "roles" WHERE "roles"."id" = ? LIMIT ?[0m  [["id", 18], ["LIMIT", 1]]
  Rendering products/edit.html.erb within layouts/application
  [1m[36mCountryOfOrigin Load (0.9ms)[0m  [1m[34mSELECT "country_of_origins".* FROM "country_of_origins"[0m
  [1m[36mPfeature Load (0.3ms)[0m  [1m[34mSELECT "pfeatures".* FROM "pfeatures"[0m
  [1m[35m (0.2ms)[0m  [1m[34mSELECT "pfeatures"."id" FROM "pfeatures" INNER JOIN "product_features" ON "pfeatures"."id" = "product_features"."pfeature_id" WHERE "product_features"."product_id" = ?[0m  [["product_id", 1]]
  Rendered products/_form.html.erb (77.8ms)
  Rendered products/edit.html.erb within layouts/application (79.6ms)
Completed 200 OK in 301ms (Views: 289.7ms | ActiveRecord: 3.4ms)


Started GET "/" for 10.4.11.110 at 2018-09-21 15:25:58 -0400
Cannot render console from 10.4.11.110! Allowed networks: 127.0.0.1, ::1, 127.0.0.0/127.255.255.255
Processing by HomeController#index as HTML
  [1m[36mUser Load (0.6ms)[0m  [1m[34mSELECT  "users".* FROM "users" WHERE "users"."id" = ? ORDER BY "users"."id" ASC LIMIT ?[0m  [["id", 2], ["LIMIT", 1]]
  Rendering home/index.html.erb within layouts/application
  Rendered home/index.html.erb within layouts/application (3.5ms)
Completed 200 OK in 364ms (Views: 350.9ms | ActiveRecord: 0.6ms)


Started GET "/radmin/" for 10.4.11.110 at 2018-09-21 15:25:59 -0400
Cannot render console from 10.4.11.110! Allowed networks: 127.0.0.1, ::1, 127.0.0.0/127.255.255.255
Processing by RailsAdmin::MainController#dashboard as HTML
  [1m[36mUser Load (0.3ms)[0m  [1m[34mSELECT  "users".* FROM "users" WHERE "users"."id" = ? ORDER BY "users"."id" ASC LIMIT ?[0m  [["id", 2], ["LIMIT", 1]]
  [1m[36mRole Load (0.1ms)[0m  [1m[34mSELECT  "roles".* FROM "roles" WHERE "roles"."id" = ? LIMIT ?[0m  [["id", 18], ["LIMIT", 1]]
  [1m[36mPaperTrail::Version Load (0.7ms)[0m  [1m[34mSELECT  "versions".* FROM "versions" ORDER BY "versions"."id" DESC LIMIT ?[0m  [["LIMIT", 100]]
  [1m[36mUser Load (0.5ms)[0m  [1m[34mSELECT "users".* FROM "users" WHERE "users"."id" IN (?, ?, ?)[0m  [["id", 2], ["id", 1], ["id", 3]]
  [1m[35m (0.3ms)[0m  [1m[34mSELECT COUNT(*) FROM "audits"[0m
  [1m[35m (0.1ms)[0m  [1m[34mSELECT COUNT(*) FROM "country_of_origins"[0m
  [1m[35m (0.1ms)[0m  [1m[34mSELECT COUNT(*) FROM "offers"[0m
  [1m[35m (0.2ms)[0m  [1m[34mSELECT COUNT(*) FROM "pets"[0m
  [1m[35m (0.1ms)[0m  [1m[34mSELECT COUNT(*) FROM "pfeatures"[0m
  [1m[35m (0.1ms)[0m  [1m[34mSELECT COUNT(*) FROM "products"[0m
  [1m[35m (0.2ms)[0m  [1m[34mSELECT COUNT(*) FROM "product_features"[0m
  [1m[35m (0.1ms)[0m  [1m[34mSELECT COUNT(*) FROM "roles"[0m
  [1m[35m (0.1ms)[0m  [1m[34mSELECT COUNT(*) FROM "users"[0m
  Rendering /home/albe/.rbenv/versions/2.3.0/lib/ruby/gems/2.3.0/gems/rails_admin_mydash-0.1.8/app/views/rails_admin/main/dashboard.html.haml within layouts/rails_admin/application
  [1m[36mAudit Load (0.4ms)[0m  [1m[34mSELECT  "audits".* FROM "audits" ORDER BY id desc LIMIT ?[0m  [["LIMIT", 3]]
  [1m[36mCountryOfOrigin Load (0.3ms)[0m  [1m[34mSELECT  "country_of_origins".* FROM "country_of_origins" ORDER BY id desc LIMIT ?[0m  [["LIMIT", 3]]
  [1m[36mOffer Load (0.3ms)[0m  [1m[34mSELECT  "offers".* FROM "offers" ORDER BY id desc LIMIT ?[0m  [["LIMIT", 3]]
  [1m[36mPet Load (0.4ms)[0m  [1m[34mSELECT  "pets".* FROM "pets" ORDER BY id desc LIMIT ?[0m  [["LIMIT", 3]]
  [1m[36mPfeature Load (0.4ms)[0m  [1m[34mSELECT  "pfeatures".* FROM "pfeatures" ORDER BY id desc LIMIT ?[0m  [["LIMIT", 3]]
  [1m[36mProduct Load (0.3ms)[0m  [1m[34mSELECT  "products".* FROM "products" ORDER BY id desc LIMIT ?[0m  [["LIMIT", 3]]
  [1m[36mProductFeature Load (0.4ms)[0m  [1m[34mSELECT  "product_features".* FROM "product_features" ORDER BY id desc LIMIT ?[0m  [["LIMIT", 3]]
  [1m[36mRole Load (0.3ms)[0m  [1m[34mSELECT  "roles".* FROM "roles" ORDER BY id desc LIMIT ?[0m  [["LIMIT", 3]]
  [1m[36mUser Load (0.4ms)[0m  [1m[34mSELECT  "users".* FROM "users" ORDER BY id desc LIMIT ?[0m  [["LIMIT", 3]]
  [1m[36mCACHE User Load (0.0ms)[0m  [1m[34mSELECT  "users".* FROM "users" WHERE "users"."id" = ? ORDER BY "users"."id" ASC LIMIT ?[0m  [["id", 2], ["LIMIT", 1]]
  [1m[36mCACHE User Load (0.1ms)[0m  [1m[34mSELECT  "users".* FROM "users" WHERE "users"."id" = ? ORDER BY "users"."id" ASC LIMIT ?[0m  [["id", 2], ["LIMIT", 1]]
  [1m[36mCACHE User Load (0.0ms)[0m  [1m[34mSELECT  "users".* FROM "users" WHERE "users"."id" = ? ORDER BY "users"."id" ASC LIMIT ?[0m  [["id", 2], ["LIMIT", 1]]
  [1m[36mCACHE User Load (0.0ms)[0m  [1m[34mSELECT  "users".* FROM "users" WHERE "users"."id" = ? ORDER BY "users"."id" ASC LIMIT ?[0m  [["id", 2], ["LIMIT", 1]]
  [1m[36mCACHE User Load (0.0ms)[0m  [1m[34mSELECT  "users".* FROM "users" WHERE "users"."id" = ? ORDER BY "users"."id" ASC LIMIT ?[0m  [["id", 2], ["LIMIT", 1]]
  [1m[36mCACHE User Load (0.0ms)[0m  [1m[34mSELECT  "users".* FROM "users" WHERE "users"."id" = ? ORDER BY "users"."id" ASC LIMIT ?[0m  [["id", 2], ["LIMIT", 1]]
  [1m[36mCACHE User Load (0.1ms)[0m  [1m[34mSELECT  "users".* FROM "users" WHERE "users"."id" = ? ORDER BY "users"."id" ASC LIMIT ?[0m  [["id", 2], ["LIMIT", 1]]
  [1m[36mCACHE User Load (0.0ms)[0m  [1m[34mSELECT  "users".* FROM "users" WHERE "users"."id" = ? ORDER BY "users"."id" ASC LIMIT ?[0m  [["id", 2], ["LIMIT", 1]]
  [1m[36mCACHE User Load (0.0ms)[0m  [1m[34mSELECT  "users".* FROM "users" WHERE "users"."id" = ? ORDER BY "users"."id" ASC LIMIT ?[0m  [["id", 2], ["LIMIT", 1]]
  [1m[36mUser Load (0.5ms)[0m  [1m[34mSELECT  "users".* FROM "users" WHERE "users"."id" = ? ORDER BY "users"."id" ASC LIMIT ?[0m  [["id", 1], ["LIMIT", 1]]
  [1m[36mCACHE User Load (0.0ms)[0m  [1m[34mSELECT  "users".* FROM "users" WHERE "users"."id" = ? ORDER BY "users"."id" ASC LIMIT ?[0m  [["id", 1], ["LIMIT", 1]]
  [1m[36mCACHE User Load (0.0ms)[0m  [1m[34mSELECT  "users".* FROM "users" WHERE "users"."id" = ? ORDER BY "users"."id" ASC LIMIT ?[0m  [["id", 1], ["LIMIT", 1]]
  [1m[36mCACHE User Load (0.0ms)[0m  [1m[34mSELECT  "users".* FROM "users" WHERE "users"."id" = ? ORDER BY "users"."id" ASC LIMIT ?[0m  [["id", 1], ["LIMIT", 1]]
  [1m[36mCACHE User Load (0.0ms)[0m  [1m[34mSELECT  "users".* FROM "users" WHERE "users"."id" = ? ORDER BY "users"."id" ASC LIMIT ?[0m  [["id", 2], ["LIMIT", 1]]
  [1m[36mCACHE User Load (0.0ms)[0m  [1m[34mSELECT  "users".* FROM "users" WHERE "users"."id" = ? ORDER BY "users"."id" ASC LIMIT ?[0m  [["id", 2], ["LIMIT", 1]]
  [1m[36mCACHE User Load (0.0ms)[0m  [1m[34mSELECT  "users".* FROM "users" WHERE "users"."id" = ? ORDER BY "users"."id" ASC LIMIT ?[0m  [["id", 1], ["LIMIT", 1]]
  [1m[36mCACHE User Load (0.0ms)[0m  [1m[34mSELECT  "users".* FROM "users" WHERE "users"."id" = ? ORDER BY "users"."id" ASC LIMIT ?[0m  [["id", 2], ["LIMIT", 1]]
  [1m[36mCACHE User Load (0.0ms)[0m  [1m[34mSELECT  "users".* FROM "users" WHERE "users"."id" = ? ORDER BY "users"."id" ASC LIMIT ?[0m  [["id", 2], ["LIMIT", 1]]
  [1m[36mCACHE User Load (0.0ms)[0m  [1m[34mSELECT  "users".* FROM "users" WHERE "users"."id" = ? ORDER BY "users"."id" ASC LIMIT ?[0m  [["id", 2], ["LIMIT", 1]]
  [1m[36mCACHE User Load (0.0ms)[0m  [1m[34mSELECT  "users".* FROM "users" WHERE "users"."id" = ? ORDER BY "users"."id" ASC LIMIT ?[0m  [["id", 2], ["LIMIT", 1]]
  [1m[36mCACHE User Load (0.0ms)[0m  [1m[34mSELECT  "users".* FROM "users" WHERE "users"."id" = ? ORDER BY "users"."id" ASC LIMIT ?[0m  [["id", 2], ["LIMIT", 1]]
  [1m[36mCACHE User Load (0.0ms)[0m  [1m[34mSELECT  "users".* FROM "users" WHERE "users"."id" = ? ORDER BY "users"."id" ASC LIMIT ?[0m  [["id", 2], ["LIMIT", 1]]
  [1m[36mCACHE User Load (0.0ms)[0m  [1m[34mSELECT  "users".* FROM "users" WHERE "users"."id" = ? ORDER BY "users"."id" ASC LIMIT ?[0m  [["id", 2], ["LIMIT", 1]]
  [1m[36mCACHE User Load (0.0ms)[0m  [1m[34mSELECT  "users".* FROM "users" WHERE "users"."id" = ? ORDER BY "users"."id" ASC LIMIT ?[0m  [["id", 2], ["LIMIT", 1]]
  [1m[36mCACHE User Load (0.0ms)[0m  [1m[34mSELECT  "users".* FROM "users" WHERE "users"."id" = ? ORDER BY "users"."id" ASC LIMIT ?[0m  [["id", 2], ["LIMIT", 1]]
  [1m[36mCACHE User Load (0.0ms)[0m  [1m[34mSELECT  "users".* FROM "users" WHERE "users"."id" = ? ORDER BY "users"."id" ASC LIMIT ?[0m  [["id", 2], ["LIMIT", 1]]
  [1m[36mCACHE User Load (0.0ms)[0m  [1m[34mSELECT  "users".* FROM "users" WHERE "users"."id" = ? ORDER BY "users"."id" ASC LIMIT ?[0m  [["id", 2], ["LIMIT", 1]]
  [1m[36mCACHE User Load (0.2ms)[0m  [1m[34mSELECT  "users".* FROM "users" WHERE "users"."id" = ? ORDER BY "users"."id" ASC LIMIT ?[0m  [["id", 2], ["LIMIT", 1]]
  [1m[36mCACHE User Load (0.0ms)[0m  [1m[34mSELECT  "users".* FROM "users" WHERE "users"."id" = ? ORDER BY "users"."id" ASC LIMIT ?[0m  [["id", 1], ["LIMIT", 1]]
  [1m[36mCACHE User Load (0.0ms)[0m  [1m[34mSELECT  "users".* FROM "users" WHERE "users"."id" = ? ORDER BY "users"."id" ASC LIMIT ?[0m  [["id", 1], ["LIMIT", 1]]
  [1m[36mCACHE User Load (0.0ms)[0m  [1m[34mSELECT  "users".* FROM "users" WHERE "users"."id" = ? ORDER BY "users"."id" ASC LIMIT ?[0m  [["id", 1], ["LIMIT", 1]]
  [1m[36mCACHE User Load (0.0ms)[0m  [1m[34mSELECT  "users".* FROM "users" WHERE "users"."id" = ? ORDER BY "users"."id" ASC LIMIT ?[0m  [["id", 1], ["LIMIT", 1]]
  [1m[36mUser Load (0.3ms)[0m  [1m[34mSELECT  "users".* FROM "users" WHERE "users"."id" = ? LIMIT ?[0m  [["id", 1], ["LIMIT", 1]]
  [1m[36mCACHE User Load (0.0ms)[0m  [1m[34mSELECT  "users".* FROM "users" WHERE "users"."id" = ? ORDER BY "users"."id" ASC LIMIT ?[0m  [["id", 1], ["LIMIT", 1]]
  [1m[36mCACHE User Load (0.0ms)[0m  [1m[34mSELECT  "users".* FROM "users" WHERE "users"."id" = ? ORDER BY "users"."id" ASC LIMIT ?[0m  [["id", 1], ["LIMIT", 1]]
  [1m[36mCACHE User Load (0.0ms)[0m  [1m[34mSELECT  "users".* FROM "users" WHERE "users"."id" = ? ORDER BY "users"."id" ASC LIMIT ?[0m  [["id", 1], ["LIMIT", 1]]
  [1m[36mCACHE User Load (0.0ms)[0m  [1m[34mSELECT  "users".* FROM "users" WHERE "users"."id" = ? ORDER BY "users"."id" ASC LIMIT ?[0m  [["id", 1], ["LIMIT", 1]]
  [1m[36mCACHE User Load (0.0ms)[0m  [1m[34mSELECT  "users".* FROM "users" WHERE "users"."id" = ? ORDER BY "users"."id" ASC LIMIT ?[0m  [["id", 1], ["LIMIT", 1]]
  [1m[36mCACHE User Load (0.0ms)[0m  [1m[34mSELECT  "users".* FROM "users" WHERE "users"."id" = ? ORDER BY "users"."id" ASC LIMIT ?[0m  [["id", 2], ["LIMIT", 1]]
  [1m[36mCACHE User Load (0.0ms)[0m  [1m[34mSELECT  "users".* FROM "users" WHERE "users"."id" = ? ORDER BY "users"."id" ASC LIMIT ?[0m  [["id", 2], ["LIMIT", 1]]
  [1m[36mCACHE User Load (0.0ms)[0m  [1m[34mSELECT  "users".* FROM "users" WHERE "users"."id" = ? ORDER BY "users"."id" ASC LIMIT ?[0m  [["id", 2], ["LIMIT", 1]]
  [1m[36mUser Load (0.4ms)[0m  [1m[34mSELECT  "users".* FROM "users" WHERE "users"."id" = ? ORDER BY "users"."id" ASC LIMIT ?[0m  [["id", 3], ["LIMIT", 1]]
  [1m[36mCACHE User Load (0.0ms)[0m  [1m[34mSELECT  "users".* FROM "users" WHERE "users"."id" = ? ORDER BY "users"."id" ASC LIMIT ?[0m  [["id", 2], ["LIMIT", 1]]
  [1m[36mCACHE User Load (0.0ms)[0m  [1m[34mSELECT  "users".* FROM "users" WHERE "users"."id" = ? ORDER BY "users"."id" ASC LIMIT ?[0m  [["id", 1], ["LIMIT", 1]]
  Rendered /home/albe/.rbenv/versions/2.3.0/lib/ruby/gems/2.3.0/gems/rails_admin_mydash-0.1.8/app/views/rails_admin/main/_mydashboard_history.html.haml (134.2ms)
  Rendered /home/albe/.rbenv/versions/2.3.0/lib/ruby/gems/2.3.0/gems/rails_admin_mydash-0.1.8/app/views/rails_admin/main/dashboard.html.haml within layouts/rails_admin/application (326.6ms)
  Rendered /home/albe/.rbenv/versions/2.3.0/lib/ruby/gems/2.3.0/gems/rails_admin-1.4.1/app/views/layouts/rails_admin/_secondary_navigation.html.haml (14.2ms)
  Rendered /home/albe/.rbenv/versions/2.3.0/lib/ruby/gems/2.3.0/gems/rails_admin-1.4.1/app/views/layouts/rails_admin/_navigation.html.haml (25.2ms)
  Rendered /home/albe/.rbenv/versions/2.3.0/lib/ruby/gems/2.3.0/gems/rails_admin-1.4.1/app/views/layouts/rails_admin/_sidebar_navigation.html.haml (32.8ms)
  Rendering /home/albe/.rbenv/versions/2.3.0/lib/ruby/gems/2.3.0/gems/rails_admin-1.4.1/app/views/layouts/rails_admin/pjax.html.haml
  Rendered /home/albe/.rbenv/versions/2.3.0/lib/ruby/gems/2.3.0/gems/rails_admin-1.4.1/app/views/layouts/rails_admin/pjax.html.haml (12.5ms)
Completed 200 OK in 2518ms (Views: 1234.1ms | ActiveRecord: 10.4ms)


DEPRECATION WARNING: Leaving `ActiveRecord::ConnectionAdapters::SQLite3Adapter.represent_boolean_as_integer`
set to false is deprecated. SQLite databases have used 't' and 'f' to serialize
boolean values and must have old data converted to 1 and 0 (its native boolean
serialization) before setting this flag to true. Conversion can be accomplished
by setting up a rake task which runs

  ExampleModel.where("boolean_column = 't'").update_all(boolean_column: 1)
  ExampleModel.where("boolean_column = 'f'").update_all(boolean_column: 0)

for all models and all boolean columns, after which the flag must be set to
true by adding the following to your application.rb file:

  Rails.application.config.active_record.sqlite3.represent_boolean_as_integer = true
 (called from <top (required)> at /myapp/config/environment.rb:5)
Started GET "/" for 10.4.11.110 at 2018-09-21 19:26:39 +0000
Cannot render console from 10.4.11.110! Allowed networks: 127.0.0.1, ::1, 127.0.0.0/127.255.255.255
  [1m[35m (0.6ms)[0m  [1m[34mSELECT "schema_migrations"."version" FROM "schema_migrations" ORDER BY "schema_migrations"."version" ASC[0m
Processing by HomeController#index as HTML
  [1m[36mUser Load (0.6ms)[0m  [1m[34mSELECT  "users".* FROM "users" WHERE "users"."id" = ? ORDER BY "users"."id" ASC LIMIT ?[0m  [["id", 2], ["LIMIT", 1]]
  Rendering home/index.html.erb within layouts/application
  Rendered home/index.html.erb within layouts/application (10.7ms)
Completed 200 OK in 2142ms (Views: 2012.1ms | ActiveRecord: 3.2ms)


Started GET "/radmin/" for 10.4.11.110 at 2018-09-21 19:26:44 +0000
Cannot render console from 10.4.11.110! Allowed networks: 127.0.0.1, ::1, 127.0.0.0/127.255.255.255
Processing by RailsAdmin::MainController#dashboard as HTML
  [1m[36mUser Load (0.4ms)[0m  [1m[34mSELECT  "users".* FROM "users" WHERE "users"."id" = ? ORDER BY "users"."id" ASC LIMIT ?[0m  [["id", 2], ["LIMIT", 1]]
  [1m[36mRole Load (0.3ms)[0m  [1m[34mSELECT  "roles".* FROM "roles" WHERE "roles"."id" = ? LIMIT ?[0m  [["id", 18], ["LIMIT", 1]]
  [1m[36mPaperTrail::Version Load (0.8ms)[0m  [1m[34mSELECT  "versions".* FROM "versions" ORDER BY "versions"."id" DESC LIMIT ?[0m  [["LIMIT", 100]]
  [1m[36mUser Load (0.4ms)[0m  [1m[34mSELECT "users".* FROM "users" WHERE "users"."id" IN (?, ?, ?)[0m  [["id", 2], ["id", 1], ["id", 3]]
  [1m[35m (0.2ms)[0m  [1m[34mSELECT COUNT(*) FROM "audits"[0m
  [1m[35m (0.2ms)[0m  [1m[34mSELECT COUNT(*) FROM "country_of_origins"[0m
  [1m[35m (0.2ms)[0m  [1m[34mSELECT COUNT(*) FROM "offers"[0m
  [1m[35m (0.2ms)[0m  [1m[34mSELECT COUNT(*) FROM "pets"[0m
  [1m[35m (0.1ms)[0m  [1m[34mSELECT COUNT(*) FROM "pfeatures"[0m
  [1m[35m (0.2ms)[0m  [1m[34mSELECT COUNT(*) FROM "products"[0m
  [1m[35m (0.1ms)[0m  [1m[34mSELECT COUNT(*) FROM "product_features"[0m
  [1m[35m (0.2ms)[0m  [1m[34mSELECT COUNT(*) FROM "roles"[0m
  [1m[35m (0.2ms)[0m  [1m[34mSELECT COUNT(*) FROM "users"[0m
  Rendering /bundle/gems/rails_admin_mydash-0.1.8/app/views/rails_admin/main/dashboard.html.haml within layouts/rails_admin/application
  [1m[36mAudit Load (0.6ms)[0m  [1m[34mSELECT  "audits".* FROM "audits" ORDER BY id desc LIMIT ?[0m  [["LIMIT", 3]]
  [1m[36mCountryOfOrigin Load (0.5ms)[0m  [1m[34mSELECT  "country_of_origins".* FROM "country_of_origins" ORDER BY id desc LIMIT ?[0m  [["LIMIT", 3]]
  [1m[36mOffer Load (0.5ms)[0m  [1m[34mSELECT  "offers".* FROM "offers" ORDER BY id desc LIMIT ?[0m  [["LIMIT", 3]]
  [1m[36mPet Load (0.5ms)[0m  [1m[34mSELECT  "pets".* FROM "pets" ORDER BY id desc LIMIT ?[0m  [["LIMIT", 3]]
  [1m[36mPfeature Load (0.5ms)[0m  [1m[34mSELECT  "pfeatures".* FROM "pfeatures" ORDER BY id desc LIMIT ?[0m  [["LIMIT", 3]]
  [1m[36mProduct Load (0.5ms)[0m  [1m[34mSELECT  "products".* FROM "products" ORDER BY id desc LIMIT ?[0m  [["LIMIT", 3]]
  [1m[36mProductFeature Load (0.5ms)[0m  [1m[34mSELECT  "product_features".* FROM "product_features" ORDER BY id desc LIMIT ?[0m  [["LIMIT", 3]]
  [1m[36mRole Load (0.4ms)[0m  [1m[34mSELECT  "roles".* FROM "roles" ORDER BY id desc LIMIT ?[0m  [["LIMIT", 3]]
  [1m[36mUser Load (0.5ms)[0m  [1m[34mSELECT  "users".* FROM "users" ORDER BY id desc LIMIT ?[0m  [["LIMIT", 3]]
  [1m[36mCACHE User Load (0.0ms)[0m  [1m[34mSELECT  "users".* FROM "users" WHERE "users"."id" = ? ORDER BY "users"."id" ASC LIMIT ?[0m  [["id", 2], ["LIMIT", 1]]
  [1m[36mCACHE User Load (0.0ms)[0m  [1m[34mSELECT  "users".* FROM "users" WHERE "users"."id" = ? ORDER BY "users"."id" ASC LIMIT ?[0m  [["id", 2], ["LIMIT", 1]]
  [1m[36mCACHE User Load (0.0ms)[0m  [1m[34mSELECT  "users".* FROM "users" WHERE "users"."id" = ? ORDER BY "users"."id" ASC LIMIT ?[0m  [["id", 2], ["LIMIT", 1]]
  [1m[36mCACHE User Load (0.0ms)[0m  [1m[34mSELECT  "users".* FROM "users" WHERE "users"."id" = ? ORDER BY "users"."id" ASC LIMIT ?[0m  [["id", 2], ["LIMIT", 1]]
  [1m[36mCACHE User Load (0.0ms)[0m  [1m[34mSELECT  "users".* FROM "users" WHERE "users"."id" = ? ORDER BY "users"."id" ASC LIMIT ?[0m  [["id", 2], ["LIMIT", 1]]
  [1m[36mCACHE User Load (0.1ms)[0m  [1m[34mSELECT  "users".* FROM "users" WHERE "users"."id" = ? ORDER BY "users"."id" ASC LIMIT ?[0m  [["id", 2], ["LIMIT", 1]]
  [1m[36mCACHE User Load (0.0ms)[0m  [1m[34mSELECT  "users".* FROM "users" WHERE "users"."id" = ? ORDER BY "users"."id" ASC LIMIT ?[0m  [["id", 2], ["LIMIT", 1]]
  [1m[36mCACHE User Load (0.0ms)[0m  [1m[34mSELECT  "users".* FROM "users" WHERE "users"."id" = ? ORDER BY "users"."id" ASC LIMIT ?[0m  [["id", 2], ["LIMIT", 1]]
  [1m[36mCACHE User Load (0.0ms)[0m  [1m[34mSELECT  "users".* FROM "users" WHERE "users"."id" = ? ORDER BY "users"."id" ASC LIMIT ?[0m  [["id", 2], ["LIMIT", 1]]
  [1m[36mUser Load (0.5ms)[0m  [1m[34mSELECT  "users".* FROM "users" WHERE "users"."id" = ? ORDER BY "users"."id" ASC LIMIT ?[0m  [["id", 1], ["LIMIT", 1]]
  [1m[36mCACHE User Load (0.0ms)[0m  [1m[34mSELECT  "users".* FROM "users" WHERE "users"."id" = ? ORDER BY "users"."id" ASC LIMIT ?[0m  [["id", 1], ["LIMIT", 1]]
  [1m[36mCACHE User Load (0.0ms)[0m  [1m[34mSELECT  "users".* FROM "users" WHERE "users"."id" = ? ORDER BY "users"."id" ASC LIMIT ?[0m  [["id", 1], ["LIMIT", 1]]
  [1m[36mCACHE User Load (0.0ms)[0m  [1m[34mSELECT  "users".* FROM "users" WHERE "users"."id" = ? ORDER BY "users"."id" ASC LIMIT ?[0m  [["id", 1], ["LIMIT", 1]]
  [1m[36mCACHE User Load (0.1ms)[0m  [1m[34mSELECT  "users".* FROM "users" WHERE "users"."id" = ? ORDER BY "users"."id" ASC LIMIT ?[0m  [["id", 2], ["LIMIT", 1]]
  [1m[36mCACHE User Load (0.0ms)[0m  [1m[34mSELECT  "users".* FROM "users" WHERE "users"."id" = ? ORDER BY "users"."id" ASC LIMIT ?[0m  [["id", 2], ["LIMIT", 1]]
  [1m[36mCACHE User Load (0.0ms)[0m  [1m[34mSELECT  "users".* FROM "users" WHERE "users"."id" = ? ORDER BY "users"."id" ASC LIMIT ?[0m  [["id", 1], ["LIMIT", 1]]
  [1m[36mCACHE User Load (0.1ms)[0m  [1m[34mSELECT  "users".* FROM "users" WHERE "users"."id" = ? ORDER BY "users"."id" ASC LIMIT ?[0m  [["id", 2], ["LIMIT", 1]]
  [1m[36mCACHE User Load (0.0ms)[0m  [1m[34mSELECT  "users".* FROM "users" WHERE "users"."id" = ? ORDER BY "users"."id" ASC LIMIT ?[0m  [["id", 2], ["LIMIT", 1]]
  [1m[36mCACHE User Load (0.0ms)[0m  [1m[34mSELECT  "users".* FROM "users" WHERE "users"."id" = ? ORDER BY "users"."id" ASC LIMIT ?[0m  [["id", 2], ["LIMIT", 1]]
  [1m[36mCACHE User Load (0.0ms)[0m  [1m[34mSELECT  "users".* FROM "users" WHERE "users"."id" = ? ORDER BY "users"."id" ASC LIMIT ?[0m  [["id", 2], ["LIMIT", 1]]
  [1m[36mCACHE User Load (0.0ms)[0m  [1m[34mSELECT  "users".* FROM "users" WHERE "users"."id" = ? ORDER BY "users"."id" ASC LIMIT ?[0m  [["id", 2], ["LIMIT", 1]]
  [1m[36mCACHE User Load (0.0ms)[0m  [1m[34mSELECT  "users".* FROM "users" WHERE "users"."id" = ? ORDER BY "users"."id" ASC LIMIT ?[0m  [["id", 2], ["LIMIT", 1]]
  [1m[36mCACHE User Load (0.0ms)[0m  [1m[34mSELECT  "users".* FROM "users" WHERE "users"."id" = ? ORDER BY "users"."id" ASC LIMIT ?[0m  [["id", 2], ["LIMIT", 1]]
  [1m[36mCACHE User Load (0.0ms)[0m  [1m[34mSELECT  "users".* FROM "users" WHERE "users"."id" = ? ORDER BY "users"."id" ASC LIMIT ?[0m  [["id", 2], ["LIMIT", 1]]
  [1m[36mCACHE User Load (0.0ms)[0m  [1m[34mSELECT  "users".* FROM "users" WHERE "users"."id" = ? ORDER BY "users"."id" ASC LIMIT ?[0m  [["id", 2], ["LIMIT", 1]]
  [1m[36mCACHE User Load (0.0ms)[0m  [1m[34mSELECT  "users".* FROM "users" WHERE "users"."id" = ? ORDER BY "users"."id" ASC LIMIT ?[0m  [["id", 2], ["LIMIT", 1]]
  [1m[36mCACHE User Load (0.0ms)[0m  [1m[34mSELECT  "users".* FROM "users" WHERE "users"."id" = ? ORDER BY "users"."id" ASC LIMIT ?[0m  [["id", 2], ["LIMIT", 1]]
  [1m[36mCACHE User Load (0.0ms)[0m  [1m[34mSELECT  "users".* FROM "users" WHERE "users"."id" = ? ORDER BY "users"."id" ASC LIMIT ?[0m  [["id", 2], ["LIMIT", 1]]
  [1m[36mCACHE User Load (0.0ms)[0m  [1m[34mSELECT  "users".* FROM "users" WHERE "users"."id" = ? ORDER BY "users"."id" ASC LIMIT ?[0m  [["id", 1], ["LIMIT", 1]]
  [1m[36mCACHE User Load (0.0ms)[0m  [1m[34mSELECT  "users".* FROM "users" WHERE "users"."id" = ? ORDER BY "users"."id" ASC LIMIT ?[0m  [["id", 1], ["LIMIT", 1]]
  [1m[36mCACHE User Load (0.0ms)[0m  [1m[34mSELECT  "users".* FROM "users" WHERE "users"."id" = ? ORDER BY "users"."id" ASC LIMIT ?[0m  [["id", 1], ["LIMIT", 1]]
  [1m[36mCACHE User Load (0.0ms)[0m  [1m[34mSELECT  "users".* FROM "users" WHERE "users"."id" = ? ORDER BY "users"."id" ASC LIMIT ?[0m  [["id", 1], ["LIMIT", 1]]
  [1m[36mUser Load (0.7ms)[0m  [1m[34mSELECT  "users".* FROM "users" WHERE "users"."id" = ? LIMIT ?[0m  [["id", 1], ["LIMIT", 1]]
  [1m[36mCACHE User Load (0.0ms)[0m  [1m[34mSELECT  "users".* FROM "users" WHERE "users"."id" = ? ORDER BY "users"."id" ASC LIMIT ?[0m  [["id", 1], ["LIMIT", 1]]
  [1m[36mCACHE User Load (0.0ms)[0m  [1m[34mSELECT  "users".* FROM "users" WHERE "users"."id" = ? ORDER BY "users"."id" ASC LIMIT ?[0m  [["id", 1], ["LIMIT", 1]]
  [1m[36mCACHE User Load (0.1ms)[0m  [1m[34mSELECT  "users".* FROM "users" WHERE "users"."id" = ? ORDER BY "users"."id" ASC LIMIT ?[0m  [["id", 1], ["LIMIT", 1]]
  [1m[36mCACHE User Load (0.0ms)[0m  [1m[34mSELECT  "users".* FROM "users" WHERE "users"."id" = ? ORDER BY "users"."id" ASC LIMIT ?[0m  [["id", 1], ["LIMIT", 1]]
  [1m[36mCACHE User Load (0.0ms)[0m  [1m[34mSELECT  "users".* FROM "users" WHERE "users"."id" = ? ORDER BY "users"."id" ASC LIMIT ?[0m  [["id", 1], ["LIMIT", 1]]
  [1m[36mCACHE User Load (0.0ms)[0m  [1m[34mSELECT  "users".* FROM "users" WHERE "users"."id" = ? ORDER BY "users"."id" ASC LIMIT ?[0m  [["id", 2], ["LIMIT", 1]]
  [1m[36mCACHE User Load (0.0ms)[0m  [1m[34mSELECT  "users".* FROM "users" WHERE "users"."id" = ? ORDER BY "users"."id" ASC LIMIT ?[0m  [["id", 2], ["LIMIT", 1]]
  [1m[36mCACHE User Load (0.0ms)[0m  [1m[34mSELECT  "users".* FROM "users" WHERE "users"."id" = ? ORDER BY "users"."id" ASC LIMIT ?[0m  [["id", 2], ["LIMIT", 1]]
  [1m[36mUser Load (0.5ms)[0m  [1m[34mSELECT  "users".* FROM "users" WHERE "users"."id" = ? ORDER BY "users"."id" ASC LIMIT ?[0m  [["id", 3], ["LIMIT", 1]]
  [1m[36mCACHE User Load (0.0ms)[0m  [1m[34mSELECT  "users".* FROM "users" WHERE "users"."id" = ? ORDER BY "users"."id" ASC LIMIT ?[0m  [["id", 2], ["LIMIT", 1]]
  [1m[36mCACHE User Load (0.0ms)[0m  [1m[34mSELECT  "users".* FROM "users" WHERE "users"."id" = ? ORDER BY "users"."id" ASC LIMIT ?[0m  [["id", 1], ["LIMIT", 1]]
  Rendered /bundle/gems/rails_admin_mydash-0.1.8/app/views/rails_admin/main/_mydashboard_history.html.haml (186.0ms)
  Rendered /bundle/gems/rails_admin_mydash-0.1.8/app/views/rails_admin/main/dashboard.html.haml within layouts/rails_admin/application (476.0ms)
  Rendered /bundle/gems/rails_admin-1.4.1/app/views/layouts/rails_admin/_secondary_navigation.html.haml (9.6ms)
  Rendered /bundle/gems/rails_admin-1.4.1/app/views/layouts/rails_admin/_navigation.html.haml (20.2ms)
  Rendered /bundle/gems/rails_admin-1.4.1/app/views/layouts/rails_admin/_sidebar_navigation.html.haml (16.9ms)
  Rendering /bundle/gems/rails_admin-1.4.1/app/views/layouts/rails_admin/pjax.html.haml
  Rendered /bundle/gems/rails_admin-1.4.1/app/views/layouts/rails_admin/pjax.html.haml (9.7ms)
Completed 200 OK in 4272ms (Views: 1401.8ms | ActiveRecord: 18.6ms)


DEPRECATION WARNING: Leaving `ActiveRecord::ConnectionAdapters::SQLite3Adapter.represent_boolean_as_integer`
set to false is deprecated. SQLite databases have used 't' and 'f' to serialize
boolean values and must have old data converted to 1 and 0 (its native boolean
serialization) before setting this flag to true. Conversion can be accomplished
by setting up a rake task which runs

  ExampleModel.where("boolean_column = 't'").update_all(boolean_column: 1)
  ExampleModel.where("boolean_column = 'f'").update_all(boolean_column: 0)

for all models and all boolean columns, after which the flag must be set to
true by adding the following to your application.rb file:

  Rails.application.config.active_record.sqlite3.represent_boolean_as_integer = true
 (called from <top (required)> at /myapp/config/environment.rb:5)
Started GET "/" for 10.4.11.110 at 2018-09-21 20:19:20 +0000
Cannot render console from 10.4.11.110! Allowed networks: 127.0.0.1, ::1, 127.0.0.0/127.255.255.255
  [1m[35m (0.4ms)[0m  [1m[34mSELECT "schema_migrations"."version" FROM "schema_migrations" ORDER BY "schema_migrations"."version" ASC[0m
Processing by HomeController#index as HTML
  Rendering home/index.html.erb within layouts/application
  Rendered home/index.html.erb within layouts/application (4.8ms)
Completed 200 OK in 1207ms (Views: 1182.2ms | ActiveRecord: 0.0ms)


Started GET "/products" for 10.4.11.110 at 2018-09-21 20:19:23 +0000
Cannot render console from 10.4.11.110! Allowed networks: 127.0.0.1, ::1, 127.0.0.0/127.255.255.255
Processing by ProductsController#index as HTML
Completed 401 Unauthorized in 11ms (ActiveRecord: 0.0ms)


Started GET "/users/sign_in" for 10.4.11.110 at 2018-09-21 20:19:24 +0000
Cannot render console from 10.4.11.110! Allowed networks: 127.0.0.1, ::1, 127.0.0.0/127.255.255.255
Processing by Users::SessionsController#new as HTML
  Rendering devise/sessions/new.html.erb within layouts/application
  Rendered devise/shared/_links.html.erb (2.1ms)
  Rendered devise/sessions/new.html.erb within layouts/application (18.1ms)
Completed 200 OK in 238ms (Views: 200.4ms | ActiveRecord: 1.3ms)


Started POST "/users/sign_in" for 10.4.11.110 at 2018-09-21 20:19:28 +0000
Cannot render console from 10.4.11.110! Allowed networks: 127.0.0.1, ::1, 127.0.0.0/127.255.255.255
Processing by Users::SessionsController#create as HTML
  Parameters: {"utf8"=>"✓", "authenticity_token"=>"XyDIi7uAG3U5/yXbkYXwaIHxRlzs/gIVHbWU9fCQWhdVKsj0DX6HfKGLwbTkREvkOvi6mIBUAogbdZB3siBzZQ==", "user"=>{"email"=>"a", "password"=>"[FILTERED]", "remember_me"=>"0"}, "commit"=>"Log in"}
  [1m[36mUser Load (0.9ms)[0m  [1m[34mSELECT  "users".* FROM "users" WHERE "users"."email" = ? ORDER BY "users"."id" ASC LIMIT ?[0m  [["email", "a"], ["LIMIT", 1]]
  [1m[35m (0.3ms)[0m  [1m[36mbegin transaction[0m
  [1m[36mRole Load (0.4ms)[0m  [1m[34mSELECT  "roles".* FROM "roles" WHERE "roles"."id" = ? LIMIT ?[0m  [["id", 18], ["LIMIT", 1]]
  [1m[35m (0.6ms)[0m  [1m[34mSELECT MAX("audits"."version") FROM "audits" WHERE "audits"."auditable_id" = ? AND "audits"."auditable_type" = ?[0m  [["auditable_id", 2], ["auditable_type", "User"]]
  [1m[36mAudited::Audit Create (5.4ms)[0m  [1m[32mINSERT INTO "audits" ("auditable_id", "auditable_type", "user_id", "user_type", "action", "audited_changes", "version", "remote_address", "request_uuid", "created_at") VALUES (?, ?, ?, ?, ?, ?, ?, ?, ?, ?)[0m  [["auditable_id", 2], ["auditable_type", "User"], ["user_id", 2], ["user_type", "User"], ["action", "update"], ["audited_changes", "---\ncurrent_sign_in_at:\n- !ruby/object:ActiveSupport::TimeWithZone\n  utc: 2018-09-21 19:25:52.887709000 Z\n  zone: &1 !ruby/object:ActiveSupport::TimeZone\n    name: America/New_York\n  time: 2018-09-21 15:25:52.887709000 Z\n- !ruby/object:ActiveSupport::TimeWithZone\n  utc: 2018-09-21 20:19:28.920803435 Z\n  zone: *1\n  time: 2018-09-21 16:19:28.920803435 Z\nlast_sign_in_at:\n- !ruby/object:ActiveSupport::TimeWithZone\n  utc: 2018-09-17 17:33:07.476307000 Z\n  zone: *1\n  time: 2018-09-17 13:33:07.476307000 Z\n- !ruby/object:ActiveSupport::TimeWithZone\n  utc: 2018-09-21 19:25:52.887709000 Z\n  zone: *1\n  time: 2018-09-21 15:25:52.887709000 Z\nsign_in_count:\n- 24\n- 25\n"], ["version", 6], ["remote_address", "10.4.11.110"], ["request_uuid", "6c5c72c7-5b48-4482-8de9-7fb2e2636241"], ["created_at", "2018-09-21 20:19:29.049418"]]
  [1m[36mUser Update (0.4ms)[0m  [1m[33mUPDATE "users" SET "current_sign_in_at" = ?, "last_sign_in_at" = ?, "sign_in_count" = ?, "updated_at" = ? WHERE "users"."id" = ?[0m  [["current_sign_in_at", "2018-09-21 20:19:28.920803"], ["last_sign_in_at", "2018-09-21 19:25:52.887709"], ["sign_in_count", 25], ["updated_at", "2018-09-21 20:19:28.973628"], ["id", 2]]
  [1m[36mPaperTrail::Version Create (0.8ms)[0m  [1m[32mINSERT INTO "versions" ("item_type", "item_id", "event", "object", "created_at", "object_changes") VALUES (?, ?, ?, ?, ?, ?)[0m  [["item_type", "User"], ["item_id", 2], ["event", "update"], ["object", "---\nlocked_at: \nencrypted_password: \"$2a$11$AfMXafjvy3PXNzYist0.w.Fo4EgtnTC8vd1OWcV8YWtsohrYsK4Aa\"\nid: 2\nfailed_attempts: 0\ncurrent_sign_in_at: 2018-09-21 19:25:52.887709000 Z\nlast_sign_in_at: 2018-09-17 17:33:07.476307000 Z\ncurrent_sign_in_ip: 10.4.11.110\nlast_sign_in_ip: 10.4.11.110\nsign_in_count: 24\nrole_id: 18\nemail: a\nreset_password_token: \nreset_password_sent_at: \nremember_created_at: \ncreated_at: 2017-07-08 12:21:57.550986000 Z\nupdated_at: 2018-09-21 19:25:52.943929000 Z\nconfirmation_token: \nconfirmed_at: \nconfirmation_sent_at: \nunconfirmed_email: \nunlock_token: \nname: admin\n"], ["created_at", "2018-09-21 20:19:28.973628"], ["object_changes", "---\ncurrent_sign_in_at:\n- 2018-09-21 19:25:52.887709000 Z\n- 2018-09-21 20:19:28.920803435 Z\nlast_sign_in_at:\n- 2018-09-17 17:33:07.476307000 Z\n- 2018-09-21 19:25:52.887709000 Z\nsign_in_count:\n- 24\n- 25\nupdated_at:\n- 2018-09-21 19:25:52.943929000 Z\n- 2018-09-21 20:19:28.973628261 Z\n"]]
  [1m[35m (24.7ms)[0m  [1m[36mcommit transaction[0m
Redirected to http://pmdsdata4:6035/products
Completed 302 Found in 732ms (ActiveRecord: 38.3ms)


Started GET "/products" for 10.4.11.110 at 2018-09-21 20:19:29 +0000
Cannot render console from 10.4.11.110! Allowed networks: 127.0.0.1, ::1, 127.0.0.0/127.255.255.255
Processing by ProductsController#index as HTML
  [1m[36mUser Load (0.8ms)[0m  [1m[34mSELECT  "users".* FROM "users" WHERE "users"."id" = ? ORDER BY "users"."id" ASC LIMIT ?[0m  [["id", 2], ["LIMIT", 1]]
  [1m[36mRole Load (0.3ms)[0m  [1m[34mSELECT  "roles".* FROM "roles" WHERE "roles"."id" = ? LIMIT ?[0m  [["id", 18], ["LIMIT", 1]]
  Rendering products/index.html.erb within layouts/application
  [1m[35m (0.4ms)[0m  [1m[34mSELECT COUNT(*) FROM "products"[0m
  [1m[35m (0.5ms)[0m  [1m[34mSELECT COUNT(*) FROM (SELECT  1 AS one FROM "products" LIMIT ? OFFSET ?) subquery_for_count[0m  [["LIMIT", 5], ["OFFSET", 0]]
  [1m[36mProduct Load (0.9ms)[0m  [1m[34mSELECT  "products".* FROM "products" LIMIT ? OFFSET ?[0m  [["LIMIT", 5], ["OFFSET", 0]]
  [1m[36mCountryOfOrigin Load (0.4ms)[0m  [1m[34mSELECT  "country_of_origins".* FROM "country_of_origins" WHERE "country_of_origins"."id" = ? LIMIT ?[0m  [["id", 1], ["LIMIT", 1]]
  [1m[36mCountryOfOrigin Load (0.3ms)[0m  [1m[34mSELECT  "country_of_origins".* FROM "country_of_origins" WHERE "country_of_origins"."id" = ? LIMIT ?[0m  [["id", 0], ["LIMIT", 1]]
  [1m[36mCACHE CountryOfOrigin Load (0.0ms)[0m  [1m[34mSELECT  "country_of_origins".* FROM "country_of_origins" WHERE "country_of_origins"."id" = ? LIMIT ?[0m  [["id", 0], ["LIMIT", 1]]
  Rendered products/index.html.erb within layouts/application (135.9ms)
Completed 200 OK in 527ms (Views: 487.2ms | ActiveRecord: 7.4ms)


Started GET "/radmin/" for 10.4.11.110 at 2018-09-21 20:19:32 +0000
Cannot render console from 10.4.11.110! Allowed networks: 127.0.0.1, ::1, 127.0.0.0/127.255.255.255
Processing by RailsAdmin::MainController#dashboard as HTML
  [1m[36mUser Load (0.7ms)[0m  [1m[34mSELECT  "users".* FROM "users" WHERE "users"."id" = ? ORDER BY "users"."id" ASC LIMIT ?[0m  [["id", 2], ["LIMIT", 1]]
  [1m[36mRole Load (0.3ms)[0m  [1m[34mSELECT  "roles".* FROM "roles" WHERE "roles"."id" = ? LIMIT ?[0m  [["id", 18], ["LIMIT", 1]]
  [1m[36mPaperTrail::Version Load (1.5ms)[0m  [1m[34mSELECT  "versions".* FROM "versions" ORDER BY "versions"."id" DESC LIMIT ?[0m  [["LIMIT", 100]]
  [1m[36mUser Load (0.8ms)[0m  [1m[34mSELECT "users".* FROM "users" WHERE "users"."id" IN (?, ?, ?)[0m  [["id", 2], ["id", 1], ["id", 3]]
  [1m[35m (0.4ms)[0m  [1m[34mSELECT COUNT(*) FROM "audits"[0m
  [1m[35m (0.3ms)[0m  [1m[34mSELECT COUNT(*) FROM "country_of_origins"[0m
  [1m[35m (0.3ms)[0m  [1m[34mSELECT COUNT(*) FROM "offers"[0m
  [1m[35m (0.2ms)[0m  [1m[34mSELECT COUNT(*) FROM "pets"[0m
  [1m[35m (0.3ms)[0m  [1m[34mSELECT COUNT(*) FROM "pfeatures"[0m
  [1m[35m (0.4ms)[0m  [1m[34mSELECT COUNT(*) FROM "products"[0m
  [1m[35m (0.2ms)[0m  [1m[34mSELECT COUNT(*) FROM "product_features"[0m
  [1m[35m (0.3ms)[0m  [1m[34mSELECT COUNT(*) FROM "roles"[0m
  [1m[35m (0.3ms)[0m  [1m[34mSELECT COUNT(*) FROM "users"[0m
  Rendering /bundle/gems/rails_admin_mydash-0.1.8/app/views/rails_admin/main/dashboard.html.haml within layouts/rails_admin/application
  [1m[36mAudit Load (0.6ms)[0m  [1m[34mSELECT  "audits".* FROM "audits" ORDER BY id desc LIMIT ?[0m  [["LIMIT", 3]]
  [1m[36mCountryOfOrigin Load (0.6ms)[0m  [1m[34mSELECT  "country_of_origins".* FROM "country_of_origins" ORDER BY id desc LIMIT ?[0m  [["LIMIT", 3]]
  [1m[36mOffer Load (0.5ms)[0m  [1m[34mSELECT  "offers".* FROM "offers" ORDER BY id desc LIMIT ?[0m  [["LIMIT", 3]]
  [1m[36mPet Load (0.5ms)[0m  [1m[34mSELECT  "pets".* FROM "pets" ORDER BY id desc LIMIT ?[0m  [["LIMIT", 3]]
  [1m[36mPfeature Load (0.7ms)[0m  [1m[34mSELECT  "pfeatures".* FROM "pfeatures" ORDER BY id desc LIMIT ?[0m  [["LIMIT", 3]]
  [1m[36mProduct Load (0.6ms)[0m  [1m[34mSELECT  "products".* FROM "products" ORDER BY id desc LIMIT ?[0m  [["LIMIT", 3]]
  [1m[36mProductFeature Load (0.5ms)[0m  [1m[34mSELECT  "product_features".* FROM "product_features" ORDER BY id desc LIMIT ?[0m  [["LIMIT", 3]]
  [1m[36mRole Load (0.6ms)[0m  [1m[34mSELECT  "roles".* FROM "roles" ORDER BY id desc LIMIT ?[0m  [["LIMIT", 3]]
  [1m[36mUser Load (0.6ms)[0m  [1m[34mSELECT  "users".* FROM "users" ORDER BY id desc LIMIT ?[0m  [["LIMIT", 3]]
  [1m[36mCACHE User Load (0.1ms)[0m  [1m[34mSELECT  "users".* FROM "users" WHERE "users"."id" = ? ORDER BY "users"."id" ASC LIMIT ?[0m  [["id", 2], ["LIMIT", 1]]
  [1m[36mCACHE User Load (0.0ms)[0m  [1m[34mSELECT  "users".* FROM "users" WHERE "users"."id" = ? ORDER BY "users"."id" ASC LIMIT ?[0m  [["id", 2], ["LIMIT", 1]]
  [1m[36mCACHE User Load (0.0ms)[0m  [1m[34mSELECT  "users".* FROM "users" WHERE "users"."id" = ? ORDER BY "users"."id" ASC LIMIT ?[0m  [["id", 2], ["LIMIT", 1]]
  [1m[36mCACHE User Load (0.0ms)[0m  [1m[34mSELECT  "users".* FROM "users" WHERE "users"."id" = ? ORDER BY "users"."id" ASC LIMIT ?[0m  [["id", 2], ["LIMIT", 1]]
  [1m[36mCACHE User Load (0.0ms)[0m  [1m[34mSELECT  "users".* FROM "users" WHERE "users"."id" = ? ORDER BY "users"."id" ASC LIMIT ?[0m  [["id", 2], ["LIMIT", 1]]
  [1m[36mCACHE User Load (0.0ms)[0m  [1m[34mSELECT  "users".* FROM "users" WHERE "users"."id" = ? ORDER BY "users"."id" ASC LIMIT ?[0m  [["id", 2], ["LIMIT", 1]]
  [1m[36mCACHE User Load (0.0ms)[0m  [1m[34mSELECT  "users".* FROM "users" WHERE "users"."id" = ? ORDER BY "users"."id" ASC LIMIT ?[0m  [["id", 2], ["LIMIT", 1]]
  [1m[36mCACHE User Load (0.0ms)[0m  [1m[34mSELECT  "users".* FROM "users" WHERE "users"."id" = ? ORDER BY "users"."id" ASC LIMIT ?[0m  [["id", 2], ["LIMIT", 1]]
  [1m[36mCACHE User Load (0.0ms)[0m  [1m[34mSELECT  "users".* FROM "users" WHERE "users"."id" = ? ORDER BY "users"."id" ASC LIMIT ?[0m  [["id", 2], ["LIMIT", 1]]
  [1m[36mCACHE User Load (0.1ms)[0m  [1m[34mSELECT  "users".* FROM "users" WHERE "users"."id" = ? ORDER BY "users"."id" ASC LIMIT ?[0m  [["id", 2], ["LIMIT", 1]]
  [1m[36mUser Load (0.5ms)[0m  [1m[34mSELECT  "users".* FROM "users" WHERE "users"."id" = ? ORDER BY "users"."id" ASC LIMIT ?[0m  [["id", 1], ["LIMIT", 1]]
  [1m[36mCACHE User Load (0.0ms)[0m  [1m[34mSELECT  "users".* FROM "users" WHERE "users"."id" = ? ORDER BY "users"."id" ASC LIMIT ?[0m  [["id", 1], ["LIMIT", 1]]
  [1m[36mCACHE User Load (0.0ms)[0m  [1m[34mSELECT  "users".* FROM "users" WHERE "users"."id" = ? ORDER BY "users"."id" ASC LIMIT ?[0m  [["id", 1], ["LIMIT", 1]]
  [1m[36mCACHE User Load (0.0ms)[0m  [1m[34mSELECT  "users".* FROM "users" WHERE "users"."id" = ? ORDER BY "users"."id" ASC LIMIT ?[0m  [["id", 1], ["LIMIT", 1]]
  [1m[36mCACHE User Load (0.0ms)[0m  [1m[34mSELECT  "users".* FROM "users" WHERE "users"."id" = ? ORDER BY "users"."id" ASC LIMIT ?[0m  [["id", 2], ["LIMIT", 1]]
  [1m[36mCACHE User Load (0.0ms)[0m  [1m[34mSELECT  "users".* FROM "users" WHERE "users"."id" = ? ORDER BY "users"."id" ASC LIMIT ?[0m  [["id", 2], ["LIMIT", 1]]
  [1m[36mCACHE User Load (0.0ms)[0m  [1m[34mSELECT  "users".* FROM "users" WHERE "users"."id" = ? ORDER BY "users"."id" ASC LIMIT ?[0m  [["id", 1], ["LIMIT", 1]]
  [1m[36mCACHE User Load (0.0ms)[0m  [1m[34mSELECT  "users".* FROM "users" WHERE "users"."id" = ? ORDER BY "users"."id" ASC LIMIT ?[0m  [["id", 2], ["LIMIT", 1]]
  [1m[36mCACHE User Load (0.1ms)[0m  [1m[34mSELECT  "users".* FROM "users" WHERE "users"."id" = ? ORDER BY "users"."id" ASC LIMIT ?[0m  [["id", 2], ["LIMIT", 1]]
  [1m[36mCACHE User Load (0.0ms)[0m  [1m[34mSELECT  "users".* FROM "users" WHERE "users"."id" = ? ORDER BY "users"."id" ASC LIMIT ?[0m  [["id", 2], ["LIMIT", 1]]
  [1m[36mCACHE User Load (0.1ms)[0m  [1m[34mSELECT  "users".* FROM "users" WHERE "users"."id" = ? ORDER BY "users"."id" ASC LIMIT ?[0m  [["id", 2], ["LIMIT", 1]]
  [1m[36mCACHE User Load (0.1ms)[0m  [1m[34mSELECT  "users".* FROM "users" WHERE "users"."id" = ? ORDER BY "users"."id" ASC LIMIT ?[0m  [["id", 2], ["LIMIT", 1]]
  [1m[36mCACHE User Load (0.1ms)[0m  [1m[34mSELECT  "users".* FROM "users" WHERE "users"."id" = ? ORDER BY "users"."id" ASC LIMIT ?[0m  [["id", 2], ["LIMIT", 1]]
  [1m[36mCACHE User Load (0.0ms)[0m  [1m[34mSELECT  "users".* FROM "users" WHERE "users"."id" = ? ORDER BY "users"."id" ASC LIMIT ?[0m  [["id", 2], ["LIMIT", 1]]
  [1m[36mCACHE User Load (0.0ms)[0m  [1m[34mSELECT  "users".* FROM "users" WHERE "users"."id" = ? ORDER BY "users"."id" ASC LIMIT ?[0m  [["id", 2], ["LIMIT", 1]]
  [1m[36mCACHE User Load (0.0ms)[0m  [1m[34mSELECT  "users".* FROM "users" WHERE "users"."id" = ? ORDER BY "users"."id" ASC LIMIT ?[0m  [["id", 2], ["LIMIT", 1]]
  [1m[36mCACHE User Load (0.0ms)[0m  [1m[34mSELECT  "users".* FROM "users" WHERE "users"."id" = ? ORDER BY "users"."id" ASC LIMIT ?[0m  [["id", 2], ["LIMIT", 1]]
  [1m[36mCACHE User Load (0.0ms)[0m  [1m[34mSELECT  "users".* FROM "users" WHERE "users"."id" = ? ORDER BY "users"."id" ASC LIMIT ?[0m  [["id", 2], ["LIMIT", 1]]
  [1m[36mCACHE User Load (0.0ms)[0m  [1m[34mSELECT  "users".* FROM "users" WHERE "users"."id" = ? ORDER BY "users"."id" ASC LIMIT ?[0m  [["id", 2], ["LIMIT", 1]]
  [1m[36mCACHE User Load (0.0ms)[0m  [1m[34mSELECT  "users".* FROM "users" WHERE "users"."id" = ? ORDER BY "users"."id" ASC LIMIT ?[0m  [["id", 1], ["LIMIT", 1]]
  [1m[36mCACHE User Load (0.0ms)[0m  [1m[34mSELECT  "users".* FROM "users" WHERE "users"."id" = ? ORDER BY "users"."id" ASC LIMIT ?[0m  [["id", 1], ["LIMIT", 1]]
  [1m[36mCACHE User Load (0.0ms)[0m  [1m[34mSELECT  "users".* FROM "users" WHERE "users"."id" = ? ORDER BY "users"."id" ASC LIMIT ?[0m  [["id", 1], ["LIMIT", 1]]
  [1m[36mCACHE User Load (0.0ms)[0m  [1m[34mSELECT  "users".* FROM "users" WHERE "users"."id" = ? ORDER BY "users"."id" ASC LIMIT ?[0m  [["id", 1], ["LIMIT", 1]]
  [1m[36mUser Load (0.5ms)[0m  [1m[34mSELECT  "users".* FROM "users" WHERE "users"."id" = ? LIMIT ?[0m  [["id", 1], ["LIMIT", 1]]
  [1m[36mCACHE User Load (0.0ms)[0m  [1m[34mSELECT  "users".* FROM "users" WHERE "users"."id" = ? ORDER BY "users"."id" ASC LIMIT ?[0m  [["id", 1], ["LIMIT", 1]]
  [1m[36mCACHE User Load (0.0ms)[0m  [1m[34mSELECT  "users".* FROM "users" WHERE "users"."id" = ? ORDER BY "users"."id" ASC LIMIT ?[0m  [["id", 1], ["LIMIT", 1]]
  [1m[36mCACHE User Load (0.0ms)[0m  [1m[34mSELECT  "users".* FROM "users" WHERE "users"."id" = ? ORDER BY "users"."id" ASC LIMIT ?[0m  [["id", 1], ["LIMIT", 1]]
  [1m[36mCACHE User Load (0.0ms)[0m  [1m[34mSELECT  "users".* FROM "users" WHERE "users"."id" = ? ORDER BY "users"."id" ASC LIMIT ?[0m  [["id", 1], ["LIMIT", 1]]
  [1m[36mCACHE User Load (0.0ms)[0m  [1m[34mSELECT  "users".* FROM "users" WHERE "users"."id" = ? ORDER BY "users"."id" ASC LIMIT ?[0m  [["id", 1], ["LIMIT", 1]]
  [1m[36mCACHE User Load (0.0ms)[0m  [1m[34mSELECT  "users".* FROM "users" WHERE "users"."id" = ? ORDER BY "users"."id" ASC LIMIT ?[0m  [["id", 2], ["LIMIT", 1]]
  [1m[36mCACHE User Load (0.0ms)[0m  [1m[34mSELECT  "users".* FROM "users" WHERE "users"."id" = ? ORDER BY "users"."id" ASC LIMIT ?[0m  [["id", 2], ["LIMIT", 1]]
  [1m[36mCACHE User Load (0.0ms)[0m  [1m[34mSELECT  "users".* FROM "users" WHERE "users"."id" = ? ORDER BY "users"."id" ASC LIMIT ?[0m  [["id", 2], ["LIMIT", 1]]
  [1m[36mUser Load (0.5ms)[0m  [1m[34mSELECT  "users".* FROM "users" WHERE "users"."id" = ? ORDER BY "users"."id" ASC LIMIT ?[0m  [["id", 3], ["LIMIT", 1]]
  [1m[36mCACHE User Load (0.0ms)[0m  [1m[34mSELECT  "users".* FROM "users" WHERE "users"."id" = ? ORDER BY "users"."id" ASC LIMIT ?[0m  [["id", 2], ["LIMIT", 1]]
  [1m[36mCACHE User Load (0.0ms)[0m  [1m[34mSELECT  "users".* FROM "users" WHERE "users"."id" = ? ORDER BY "users"."id" ASC LIMIT ?[0m  [["id", 1], ["LIMIT", 1]]
  Rendered /bundle/gems/rails_admin_mydash-0.1.8/app/views/rails_admin/main/_mydashboard_history.html.haml (227.1ms)
  Rendered /bundle/gems/rails_admin_mydash-0.1.8/app/views/rails_admin/main/dashboard.html.haml within layouts/rails_admin/application (489.0ms)
  Rendered /bundle/gems/rails_admin-1.4.1/app/views/layouts/rails_admin/_secondary_navigation.html.haml (8.6ms)
  Rendered /bundle/gems/rails_admin-1.4.1/app/views/layouts/rails_admin/_navigation.html.haml (18.3ms)
  Rendered /bundle/gems/rails_admin-1.4.1/app/views/layouts/rails_admin/_sidebar_navigation.html.haml (16.4ms)
  Rendering /bundle/gems/rails_admin-1.4.1/app/views/layouts/rails_admin/pjax.html.haml
  Rendered /bundle/gems/rails_admin-1.4.1/app/views/layouts/rails_admin/pjax.html.haml (8.5ms)
Completed 200 OK in 1970ms (Views: 902.1ms | ActiveRecord: 19.4ms)


